Using pre-set license
Built from '2020.3/staging' branch; Version is '2020.3.11f1 (99c7afb366b3) revision 10078127'; Using compiler version '192528614'; Build Type 'Release'
OS: 'Windows 10 Pro; OS build 19042.1052; Version 2009; 64bit' Language: 'ko' Physical Memory: 3985 MB
BatchMode: 1, IsHumanControllingUs: 0, StartBugReporterOnCrash: 0, Is64bit: 1, IsPro: 0

 COMMAND LINE ARGUMENTS:
C:\Program Files\Unity\Hub\Editor\2020.3.11f1\Editor\Unity.exe
-adb2
-batchMode
-noUpm
-name
AssetImportWorker1
-projectPath
D:/LILY/UnityEngine/DogE/Dog_E_The_Savior_
-logFile
Logs/AssetImportWorker1.log
-srvPort
49285
Successfully changed project path to: D:/LILY/UnityEngine/DogE/Dog_E_The_Savior_
D:/LILY/UnityEngine/DogE/Dog_E_The_Savior_
Using Asset Import Pipeline V2.
Refreshing native plugins compatible for Editor in 482.99 ms, found 3 plugins.
Preloading 0 native plugins for Editor in 0.00 ms.
Initialize engine version: 2020.3.11f1 (99c7afb366b3)
[Subsystems] Discovering subsystems at path C:/Program Files/Unity/Hub/Editor/2020.3.11f1/Editor/Data/Resources/UnitySubsystems
[Subsystems] Discovering subsystems at path D:/LILY/UnityEngine/DogE/Dog_E_The_Savior_/Assets
GfxDevice: creating device client; threaded=0
Direct3D:
    Version:  Direct3D 11.0 [level 11.0]
    Renderer: NVIDIA GeForce GTS 450 (ID=0x1245)
    Vendor:   
    VRAM:     458 MB
    Driver:   23.21.13.9135
Initialize mono
Mono path[0] = 'C:/Program Files/Unity/Hub/Editor/2020.3.11f1/Editor/Data/Managed'
Mono path[1] = 'C:/Program Files/Unity/Hub/Editor/2020.3.11f1/Editor/Data/MonoBleedingEdge/lib/mono/unityjit'
Mono config path = 'C:/Program Files/Unity/Hub/Editor/2020.3.11f1/Editor/Data/MonoBleedingEdge/etc'
Using monoOptions --debugger-agent=transport=dt_socket,embedding=1,server=y,suspend=n,address=127.0.0.1:56884
Begin MonoManager ReloadAssembly
Registering precompiled unity dll's ...
Register platform support module: C:/Program Files/Unity/Hub/Editor/2020.3.11f1/Editor/Data/PlaybackEngines/WindowsStandaloneSupport/UnityEditor.WindowsStandalone.Extensions.dll
Registered in 0.006886 seconds.
Native extension for WindowsStandalone target not found
Refreshing native plugins compatible for Editor in 67.29 ms, found 3 plugins.
Preloading 0 native plugins for Editor in 0.00 ms.
Mono: successfully reloaded assembly
- Completed reload, in  5.053 seconds
Platform modules already initialized, skipping
Registering precompiled user dll's ...
Registered in 0.097782 seconds.
Begin MonoManager ReloadAssembly
Native extension for WindowsStandalone target not found
Refreshing native plugins compatible for Editor in 74.34 ms, found 3 plugins.
Preloading 0 native plugins for Editor in 0.00 ms.
Mono: successfully reloaded assembly
- Completed reload, in  3.741 seconds
Platform modules already initialized, skipping
========================================================================
Worker process is ready to serve import requests
Launched and connected shader compiler UnityShaderCompiler.exe after 0.12 seconds
Refreshing native plugins compatible for Editor in 0.96 ms, found 3 plugins.
Preloading 0 native plugins for Editor in 0.00 ms.
Unloading 2088 Unused Serialized files (Serialized files now loaded: 0)
System memory in use before: 93.7 MB.
System memory in use after: 93.8 MB.

Unloading 28 unused Assets to reduce memory usage. Loaded Objects now: 2532.
Total: 9.480300 ms (FindLiveObjects: 0.541000 ms CreateObjectMapping: 0.135100 ms MarkObjects: 8.521500 ms  DeleteObjects: 0.277100 ms)

========================================================================
Received Import Request.
  path: Assets/02.Scripts/Player/PlayerCtrl.cs
  artifactKey: Guid(a77e97729a4fb0d4b92743a287e6ff2e) Importer(815301076,1909f56bfc062723c751e8b465ee728b)
Start importing Assets/02.Scripts/Player/PlayerCtrl.cs using Guid(a77e97729a4fb0d4b92743a287e6ff2e) Importer(815301076,1909f56bfc062723c751e8b465ee728b)  -> (artifact id: '69d54b3b575825c53383f3e915a5b07b') in 0.168481 seconds
  Import took 0.282462 seconds .

========================================================================
Received Prepare
Registering precompiled user dll's ...
Registered in 0.040291 seconds.
Begin MonoManager ReloadAssembly
Native extension for WindowsStandalone target not found
Refreshing native plugins compatible for Editor in 0.62 ms, found 3 plugins.
Preloading 0 native plugins for Editor in 0.00 ms.
Mono: successfully reloaded assembly
- Completed reload, in  1.603 seconds
Platform modules already initialized, skipping
Refreshing native plugins compatible for Editor in 1.03 ms, found 3 plugins.
Preloading 0 native plugins for Editor in 0.00 ms.
Unloading 2078 Unused Serialized files (Serialized files now loaded: 0)
System memory in use before: 93.2 MB.
System memory in use after: 93.3 MB.

Unloading 16 unused Assets to reduce memory usage. Loaded Objects now: 2536.
Total: 5.044500 ms (FindLiveObjects: 0.318600 ms CreateObjectMapping: 0.168200 ms MarkObjects: 4.518500 ms  DeleteObjects: 0.036300 ms)

========================================================================
Received Prepare
Registering precompiled user dll's ...
Registered in 0.006433 seconds.
Begin MonoManager ReloadAssembly
Native extension for WindowsStandalone target not found
Refreshing native plugins compatible for Editor in 0.63 ms, found 3 plugins.
Preloading 0 native plugins for Editor in 0.00 ms.
Mono: successfully reloaded assembly
- Completed reload, in  1.617 seconds
Platform modules already initialized, skipping
Refreshing native plugins compatible for Editor in 0.65 ms, found 3 plugins.
Preloading 0 native plugins for Editor in 0.00 ms.
Unloading 2078 Unused Serialized files (Serialized files now loaded: 0)
System memory in use before: 93.3 MB.
System memory in use after: 93.4 MB.

Unloading 16 unused Assets to reduce memory usage. Loaded Objects now: 2540.
Total: 2.884800 ms (FindLiveObjects: 0.252800 ms CreateObjectMapping: 0.104100 ms MarkObjects: 2.482400 ms  DeleteObjects: 0.043600 ms)

========================================================================
Received Prepare
Registering precompiled user dll's ...
Registered in 0.069821 seconds.
Begin MonoManager ReloadAssembly
Native extension for WindowsStandalone target not found
Refreshing native plugins compatible for Editor in 0.71 ms, found 3 plugins.
Preloading 0 native plugins for Editor in 0.00 ms.
Mono: successfully reloaded assembly
- Completed reload, in  1.606 seconds
Platform modules already initialized, skipping
Refreshing native plugins compatible for Editor in 0.79 ms, found 3 plugins.
Preloading 0 native plugins for Editor in 0.00 ms.
Unloading 2078 Unused Serialized files (Serialized files now loaded: 0)
System memory in use before: 93.3 MB.
System memory in use after: 93.4 MB.

Unloading 16 unused Assets to reduce memory usage. Loaded Objects now: 2544.
Total: 3.039400 ms (FindLiveObjects: 0.236300 ms CreateObjectMapping: 0.105900 ms MarkObjects: 2.670800 ms  DeleteObjects: 0.024700 ms)

========================================================================
Received Prepare
Registering precompiled user dll's ...
Registered in 0.006470 seconds.
Begin MonoManager ReloadAssembly
Native extension for WindowsStandalone target not found
Refreshing native plugins compatible for Editor in 0.63 ms, found 3 plugins.
Preloading 0 native plugins for Editor in 0.00 ms.
Mono: successfully reloaded assembly
- Completed reload, in  1.570 seconds
Platform modules already initialized, skipping
Refreshing native plugins compatible for Editor in 0.63 ms, found 3 plugins.
Preloading 0 native plugins for Editor in 0.00 ms.
Unloading 2078 Unused Serialized files (Serialized files now loaded: 0)
System memory in use before: 93.3 MB.
System memory in use after: 93.4 MB.

Unloading 16 unused Assets to reduce memory usage. Loaded Objects now: 2548.
Total: 2.840000 ms (FindLiveObjects: 0.221500 ms CreateObjectMapping: 0.101200 ms MarkObjects: 2.483900 ms  DeleteObjects: 0.031800 ms)

========================================================================
Received Import Request.
  Time since last request: 434.610439 seconds.
  path: Assets/03.Prefabs/Enemy_Stelar.prefab
  artifactKey: Guid(1af512c1197af084da4399a2ad9f482d) Importer(815301076,1909f56bfc062723c751e8b465ee728b)
Start importing Assets/03.Prefabs/Enemy_Stelar.prefab using Guid(1af512c1197af084da4399a2ad9f482d) Importer(815301076,1909f56bfc062723c751e8b465ee728b)  -> (artifact id: '11003e5f218660a1bb3700d0c1ae6ae2') in 0.156984 seconds
  Import took 0.161985 seconds .

========================================================================
Received Import Request.
  Time since last request: 0.000335 seconds.
  path: Assets/03.Prefabs/DogE.prefab
  artifactKey: Guid(2a300440e4c50024f8711be0a842bc66) Importer(815301076,1909f56bfc062723c751e8b465ee728b)
Start importing Assets/03.Prefabs/DogE.prefab using Guid(2a300440e4c50024f8711be0a842bc66) Importer(815301076,1909f56bfc062723c751e8b465ee728b)  -> (artifact id: '645b34ac7eb1a9fd1818b3e86841996d') in 0.069163 seconds
  Import took 0.073694 seconds .

========================================================================
Received Import Request.
  Time since last request: 10.469336 seconds.
  path: Assets/Resources/Prefabs/Enemies/Enemy_Stelar.prefab
  artifactKey: Guid(aafe02188bb4c9c4c8dbfb8e88468722) Importer(815301076,1909f56bfc062723c751e8b465ee728b)
Start importing Assets/Resources/Prefabs/Enemies/Enemy_Stelar.prefab using Guid(aafe02188bb4c9c4c8dbfb8e88468722) Importer(815301076,1909f56bfc062723c751e8b465ee728b)  -> (artifact id: 'c9e300f854331a71a410d97349c053f6') in 0.023528 seconds
  Import took 0.028504 seconds .

========================================================================
Received Import Request.
  Time since last request: 4.971198 seconds.
  path: Assets/Resources/Prefabs/Enemies/Enemy_Stelar.prefab
  artifactKey: Guid(aafe02188bb4c9c4c8dbfb8e88468722) Importer(815301076,1909f56bfc062723c751e8b465ee728b)
Start importing Assets/Resources/Prefabs/Enemies/Enemy_Stelar.prefab using Guid(aafe02188bb4c9c4c8dbfb8e88468722) Importer(815301076,1909f56bfc062723c751e8b465ee728b)  -> (artifact id: '39cdb0d405adc6c89dd88cc4b911134b') in 0.031512 seconds
  Import took 0.036745 seconds .

========================================================================
Received Import Request.
  Time since last request: 3.136536 seconds.
  path: Assets/Resources/Prefabs/Enemies/Enemy_Stelar.prefab
  artifactKey: Guid(aafe02188bb4c9c4c8dbfb8e88468722) Importer(815301076,1909f56bfc062723c751e8b465ee728b)
Start importing Assets/Resources/Prefabs/Enemies/Enemy_Stelar.prefab using Guid(aafe02188bb4c9c4c8dbfb8e88468722) Importer(815301076,1909f56bfc062723c751e8b465ee728b)  -> (artifact id: '58a22dc2f0a598ee1ef0e49fdcbfdd51') in 0.023414 seconds
  Import took 0.028335 seconds .

========================================================================
Received Prepare
Registering precompiled user dll's ...
Registered in 0.037816 seconds.
Begin MonoManager ReloadAssembly
Native extension for WindowsStandalone target not found
Refreshing native plugins compatible for Editor in 1.03 ms, found 3 plugins.
Preloading 0 native plugins for Editor in 0.00 ms.
Mono: successfully reloaded assembly
- Completed reload, in  2.355 seconds
Platform modules already initialized, skipping
Refreshing native plugins compatible for Editor in 0.93 ms, found 3 plugins.
Preloading 0 native plugins for Editor in 0.00 ms.
Unloading 2078 Unused Serialized files (Serialized files now loaded: 0)
System memory in use before: 96.3 MB.
System memory in use after: 96.4 MB.

Unloading 16 unused Assets to reduce memory usage. Loaded Objects now: 2559.
Total: 10.971100 ms (FindLiveObjects: 1.246500 ms CreateObjectMapping: 0.180900 ms MarkObjects: 9.509000 ms  DeleteObjects: 0.032400 ms)

========================================================================
Received Prepare
Registering precompiled user dll's ...
Registered in 0.006469 seconds.
Begin MonoManager ReloadAssembly
Native extension for WindowsStandalone target not found
Refreshing native plugins compatible for Editor in 0.63 ms, found 3 plugins.
Preloading 0 native plugins for Editor in 0.00 ms.
Mono: successfully reloaded assembly
- Completed reload, in  1.786 seconds
Platform modules already initialized, skipping
Refreshing native plugins compatible for Editor in 0.66 ms, found 3 plugins.
Preloading 0 native plugins for Editor in 0.00 ms.
Unloading 2078 Unused Serialized files (Serialized files now loaded: 0)
System memory in use before: 96.3 MB.
System memory in use after: 96.4 MB.

Unloading 16 unused Assets to reduce memory usage. Loaded Objects now: 2563.
Total: 4.041400 ms (FindLiveObjects: 0.347900 ms CreateObjectMapping: 0.429400 ms MarkObjects: 3.222300 ms  DeleteObjects: 0.039600 ms)

========================================================================
Received Prepare
Registering precompiled user dll's ...
Registered in 0.006545 seconds.
Begin MonoManager ReloadAssembly
Native extension for WindowsStandalone target not found
Refreshing native plugins compatible for Editor in 0.62 ms, found 3 plugins.
Preloading 0 native plugins for Editor in 0.00 ms.
Mono: successfully reloaded assembly
- Completed reload, in  1.613 seconds
Platform modules already initialized, skipping
Refreshing native plugins compatible for Editor in 0.65 ms, found 3 plugins.
Preloading 0 native plugins for Editor in 0.00 ms.
Unloading 2078 Unused Serialized files (Serialized files now loaded: 0)
System memory in use before: 96.3 MB.
System memory in use after: 96.4 MB.

Unloading 16 unused Assets to reduce memory usage. Loaded Objects now: 2567.
Total: 2.792200 ms (FindLiveObjects: 0.248400 ms CreateObjectMapping: 0.096100 ms MarkObjects: 2.414300 ms  DeleteObjects: 0.031800 ms)

========================================================================
Received Prepare
Registering precompiled user dll's ...
Registered in 0.034862 seconds.
Begin MonoManager ReloadAssembly
Native extension for WindowsStandalone target not found
Refreshing native plugins compatible for Editor in 1.83 ms, found 3 plugins.
Preloading 0 native plugins for Editor in 0.00 ms.
Mono: successfully reloaded assembly
- Completed reload, in  2.767 seconds
Platform modules already initialized, skipping
Refreshing native plugins compatible for Editor in 0.93 ms, found 3 plugins.
Preloading 0 native plugins for Editor in 0.00 ms.
Unloading 2078 Unused Serialized files (Serialized files now loaded: 0)
System memory in use before: 96.3 MB.
System memory in use after: 96.4 MB.

Unloading 16 unused Assets to reduce memory usage. Loaded Objects now: 2571.
Total: 16.380700 ms (FindLiveObjects: 1.279200 ms CreateObjectMapping: 0.179600 ms MarkObjects: 14.191500 ms  DeleteObjects: 0.727400 ms)

========================================================================
Received Prepare
Registering precompiled user dll's ...
Registered in 0.117501 seconds.
Begin MonoManager ReloadAssembly
Native extension for WindowsStandalone target not found
Refreshing native plugins compatible for Editor in 0.62 ms, found 3 plugins.
Preloading 0 native plugins for Editor in 0.00 ms.
Mono: successfully reloaded assembly
- Completed reload, in  1.584 seconds
Platform modules already initialized, skipping
Refreshing native plugins compatible for Editor in 0.96 ms, found 3 plugins.
Preloading 0 native plugins for Editor in 0.00 ms.
Unloading 2078 Unused Serialized files (Serialized files now loaded: 0)
System memory in use before: 96.3 MB.
System memory in use after: 96.4 MB.

Unloading 16 unused Assets to reduce memory usage. Loaded Objects now: 2575.
Total: 5.453700 ms (FindLiveObjects: 0.328600 ms CreateObjectMapping: 0.169200 ms MarkObjects: 4.069400 ms  DeleteObjects: 0.883600 ms)

========================================================================
Received Prepare
Registering precompiled user dll's ...
Registered in 0.007211 seconds.
Begin MonoManager ReloadAssembly
Native extension for WindowsStandalone target not found
Refreshing native plugins compatible for Editor in 0.72 ms, found 3 plugins.
Preloading 0 native plugins for Editor in 0.00 ms.
Mono: successfully reloaded assembly
- Completed reload, in  1.716 seconds
Platform modules already initialized, skipping
Refreshing native plugins compatible for Editor in 0.65 ms, found 3 plugins.
Preloading 0 native plugins for Editor in 0.00 ms.
Unloading 2078 Unused Serialized files (Serialized files now loaded: 0)
System memory in use before: 96.3 MB.
System memory in use after: 96.4 MB.

Unloading 16 unused Assets to reduce memory usage. Loaded Objects now: 2579.
Total: 4.204000 ms (FindLiveObjects: 0.998900 ms CreateObjectMapping: 0.123200 ms MarkObjects: 3.027100 ms  DeleteObjects: 0.052700 ms)

========================================================================
Received Prepare
Registering precompiled user dll's ...
Registered in 0.082743 seconds.
Begin MonoManager ReloadAssembly
Native extension for WindowsStandalone target not found
Refreshing native plugins compatible for Editor in 0.64 ms, found 3 plugins.
Preloading 0 native plugins for Editor in 0.00 ms.
Mono: successfully reloaded assembly
- Completed reload, in  1.602 seconds
Platform modules already initialized, skipping
Refreshing native plugins compatible for Editor in 0.92 ms, found 3 plugins.
Preloading 0 native plugins for Editor in 0.00 ms.
Unloading 2078 Unused Serialized files (Serialized files now loaded: 0)
System memory in use before: 96.3 MB.
System memory in use after: 96.5 MB.

Unloading 16 unused Assets to reduce memory usage. Loaded Objects now: 2583.
Total: 5.573500 ms (FindLiveObjects: 0.413600 ms CreateObjectMapping: 0.177400 ms MarkObjects: 4.206900 ms  DeleteObjects: 0.772000 ms)

========================================================================
Received Prepare
Registering precompiled user dll's ...
Registered in 0.008956 seconds.
Begin MonoManager ReloadAssembly
Native extension for WindowsStandalone target not found
Refreshing native plugins compatible for Editor in 0.99 ms, found 3 plugins.
Preloading 0 native plugins for Editor in 0.00 ms.
Mono: successfully reloaded assembly
- Completed reload, in  1.778 seconds
Platform modules already initialized, skipping
Refreshing native plugins compatible for Editor in 0.98 ms, found 3 plugins.
Preloading 0 native plugins for Editor in 0.00 ms.
Unloading 2078 Unused Serialized files (Serialized files now loaded: 0)
System memory in use before: 96.3 MB.
System memory in use after: 96.5 MB.

Unloading 16 unused Assets to reduce memory usage. Loaded Objects now: 2587.
Total: 3.673700 ms (FindLiveObjects: 0.270800 ms CreateObjectMapping: 0.101000 ms MarkObjects: 2.566900 ms  DeleteObjects: 0.733000 ms)

========================================================================
Received Import Request.
  Time since last request: 3087.237609 seconds.
  path: Assets/02.Scripts/Enemy/EnemyMakerScr.cs
  artifactKey: Guid(6312494920d1621459370442772cb9db) Importer(815301076,1909f56bfc062723c751e8b465ee728b)
Start importing Assets/02.Scripts/Enemy/EnemyMakerScr.cs using Guid(6312494920d1621459370442772cb9db) Importer(815301076,1909f56bfc062723c751e8b465ee728b)  -> (artifact id: 'b7ec8791b4104a9563c635781fd46984') in 0.027514 seconds
  Import took 0.035804 seconds .

========================================================================
Received Prepare
Registering precompiled user dll's ...
Registered in 0.011578 seconds.
Begin MonoManager ReloadAssembly
Native extension for WindowsStandalone target not found
Refreshing native plugins compatible for Editor in 0.77 ms, found 3 plugins.
Preloading 0 native plugins for Editor in 0.00 ms.
Mono: successfully reloaded assembly
- Completed reload, in  2.652 seconds
Platform modules already initialized, skipping
Refreshing native plugins compatible for Editor in 0.67 ms, found 3 plugins.
Preloading 0 native plugins for Editor in 0.00 ms.
Unloading 2079 Unused Serialized files (Serialized files now loaded: 0)
System memory in use before: 96.4 MB.
System memory in use after: 96.5 MB.

Unloading 16 unused Assets to reduce memory usage. Loaded Objects now: 2592.
Total: 4.274300 ms (FindLiveObjects: 0.988800 ms CreateObjectMapping: 0.195900 ms MarkObjects: 3.033700 ms  DeleteObjects: 0.053900 ms)

========================================================================
Received Prepare
Registering precompiled user dll's ...
Registered in 0.052720 seconds.
Begin MonoManager ReloadAssembly
Native extension for WindowsStandalone target not found
Refreshing native plugins compatible for Editor in 0.63 ms, found 3 plugins.
Preloading 0 native plugins for Editor in 0.00 ms.
Mono: successfully reloaded assembly
- Completed reload, in  1.642 seconds
Platform modules already initialized, skipping
Refreshing native plugins compatible for Editor in 0.65 ms, found 3 plugins.
Preloading 0 native plugins for Editor in 0.00 ms.
Unloading 2079 Unused Serialized files (Serialized files now loaded: 0)
System memory in use before: 96.4 MB.
System memory in use after: 96.5 MB.

Unloading 16 unused Assets to reduce memory usage. Loaded Objects now: 2596.
Total: 3.456100 ms (FindLiveObjects: 0.238600 ms CreateObjectMapping: 0.101000 ms MarkObjects: 3.080700 ms  DeleteObjects: 0.033900 ms)

========================================================================
Received Import Request.
  Time since last request: 117.976698 seconds.
  path: Assets/03.Prefabs/Enemy_Stelar.prefab
  artifactKey: Guid(1af512c1197af084da4399a2ad9f482d) Importer(815301076,1909f56bfc062723c751e8b465ee728b)
Start importing Assets/03.Prefabs/Enemy_Stelar.prefab using Guid(1af512c1197af084da4399a2ad9f482d) Importer(815301076,1909f56bfc062723c751e8b465ee728b)  -> (artifact id: '110f1d0cec1e191dd899d11e0cff9ed0') in 0.203416 seconds
  Import took 0.208792 seconds .

========================================================================
Received Prepare
Registering precompiled user dll's ...
Registered in 0.050731 seconds.
Begin MonoManager ReloadAssembly
Native extension for WindowsStandalone target not found
Refreshing native plugins compatible for Editor in 0.75 ms, found 3 plugins.
Preloading 0 native plugins for Editor in 0.00 ms.
Mono: successfully reloaded assembly
- Completed reload, in  2.068 seconds
Platform modules already initialized, skipping
Refreshing native plugins compatible for Editor in 0.65 ms, found 3 plugins.
Preloading 0 native plugins for Editor in 0.00 ms.
Unloading 2079 Unused Serialized files (Serialized files now loaded: 0)
System memory in use before: 96.4 MB.
System memory in use after: 96.5 MB.

Unloading 16 unused Assets to reduce memory usage. Loaded Objects now: 2601.
Total: 3.449600 ms (FindLiveObjects: 0.235800 ms CreateObjectMapping: 0.108800 ms MarkObjects: 2.561200 ms  DeleteObjects: 0.542100 ms)

========================================================================
Received Prepare
Registering precompiled user dll's ...
Registered in 0.048550 seconds.
Begin MonoManager ReloadAssembly
Native extension for WindowsStandalone target not found
Refreshing native plugins compatible for Editor in 0.63 ms, found 3 plugins.
Preloading 0 native plugins for Editor in 0.00 ms.
Mono: successfully reloaded assembly
- Completed reload, in  1.694 seconds
Platform modules already initialized, skipping
Refreshing native plugins compatible for Editor in 0.66 ms, found 3 plugins.
Preloading 0 native plugins for Editor in 0.00 ms.
Unloading 2079 Unused Serialized files (Serialized files now loaded: 0)
System memory in use before: 96.4 MB.
System memory in use after: 96.5 MB.

Unloading 16 unused Assets to reduce memory usage. Loaded Objects now: 2605.
Total: 3.404900 ms (FindLiveObjects: 0.253400 ms CreateObjectMapping: 0.101600 ms MarkObjects: 2.712100 ms  DeleteObjects: 0.335700 ms)

========================================================================
Received Import Request.
  Time since last request: 746.386230 seconds.
  path: Assets/Resources/Prefabs/Enemies/Enemy_Stelar.prefab
  artifactKey: Guid(aafe02188bb4c9c4c8dbfb8e88468722) Importer(815301076,1909f56bfc062723c751e8b465ee728b)
Start importing Assets/Resources/Prefabs/Enemies/Enemy_Stelar.prefab using Guid(aafe02188bb4c9c4c8dbfb8e88468722) Importer(815301076,1909f56bfc062723c751e8b465ee728b)  -> (artifact id: 'ab33e207f9437c0e1020c4be2b89c357') in 0.165023 seconds
  Import took 0.170335 seconds .

========================================================================
Received Prepare
Registering precompiled user dll's ...
Registered in 0.006548 seconds.
Begin MonoManager ReloadAssembly
Native extension for WindowsStandalone target not found
Refreshing native plugins compatible for Editor in 0.78 ms, found 3 plugins.
Preloading 0 native plugins for Editor in 0.00 ms.
Mono: successfully reloaded assembly
- Completed reload, in  2.003 seconds
Platform modules already initialized, skipping
Refreshing native plugins compatible for Editor in 0.74 ms, found 3 plugins.
Preloading 0 native plugins for Editor in 0.00 ms.
Unloading 2079 Unused Serialized files (Serialized files now loaded: 0)
System memory in use before: 96.4 MB.
System memory in use after: 96.6 MB.

Unloading 16 unused Assets to reduce memory usage. Loaded Objects now: 2610.
Total: 3.510300 ms (FindLiveObjects: 0.312500 ms CreateObjectMapping: 0.103100 ms MarkObjects: 3.062400 ms  DeleteObjects: 0.030100 ms)

========================================================================
Received Prepare
Registering precompiled user dll's ...
Registered in 0.235378 seconds.
Begin MonoManager ReloadAssembly
Native extension for WindowsStandalone target not found
Refreshing native plugins compatible for Editor in 0.64 ms, found 3 plugins.
Preloading 0 native plugins for Editor in 0.00 ms.
Mono: successfully reloaded assembly
- Completed reload, in  1.705 seconds
Platform modules already initialized, skipping
Refreshing native plugins compatible for Editor in 1.13 ms, found 3 plugins.
Preloading 0 native plugins for Editor in 0.00 ms.
Unloading 2079 Unused Serialized files (Serialized files now loaded: 0)
System memory in use before: 96.4 MB.
System memory in use after: 96.6 MB.

Unloading 16 unused Assets to reduce memory usage. Loaded Objects now: 2614.
Total: 5.367500 ms (FindLiveObjects: 0.338000 ms CreateObjectMapping: 0.172400 ms MarkObjects: 4.036500 ms  DeleteObjects: 0.817400 ms)

========================================================================
Received Prepare
Registering precompiled user dll's ...
Registered in 0.006422 seconds.
Begin MonoManager ReloadAssembly
Native extension for WindowsStandalone target not found
Refreshing native plugins compatible for Editor in 0.83 ms, found 3 plugins.
Preloading 0 native plugins for Editor in 0.00 ms.
Mono: successfully reloaded assembly
- Completed reload, in  1.684 seconds
Platform modules already initialized, skipping
Refreshing native plugins compatible for Editor in 0.71 ms, found 3 plugins.
Preloading 0 native plugins for Editor in 0.00 ms.
Unloading 2079 Unused Serialized files (Serialized files now loaded: 0)
System memory in use before: 96.5 MB.
System memory in use after: 96.6 MB.

Unloading 16 unused Assets to reduce memory usage. Loaded Objects now: 2618.
Total: 3.496800 ms (FindLiveObjects: 0.257900 ms CreateObjectMapping: 0.105700 ms MarkObjects: 3.103900 ms  DeleteObjects: 0.027300 ms)

========================================================================
Received Prepare
Registering precompiled user dll's ...
Registered in 0.006384 seconds.
Begin MonoManager ReloadAssembly
Native extension for WindowsStandalone target not found
Refreshing native plugins compatible for Editor in 0.67 ms, found 3 plugins.
Preloading 0 native plugins for Editor in 0.00 ms.
Mono: successfully reloaded assembly
- Completed reload, in  1.611 seconds
Platform modules already initialized, skipping
Refreshing native plugins compatible for Editor in 0.67 ms, found 3 plugins.
Preloading 0 native plugins for Editor in 0.00 ms.
Unloading 2079 Unused Serialized files (Serialized files now loaded: 0)
System memory in use before: 96.5 MB.
System memory in use after: 96.6 MB.

Unloading 16 unused Assets to reduce memory usage. Loaded Objects now: 2622.
Total: 3.745500 ms (FindLiveObjects: 0.267200 ms CreateObjectMapping: 0.096700 ms MarkObjects: 2.554600 ms  DeleteObjects: 0.825200 ms)

========================================================================
Received Prepare
Registering precompiled user dll's ...
Registered in 0.006919 seconds.
Begin MonoManager ReloadAssembly
Native extension for WindowsStandalone target not found
Refreshing native plugins compatible for Editor in 0.76 ms, found 3 plugins.
Preloading 0 native plugins for Editor in 0.00 ms.
Mono: successfully reloaded assembly
- Completed reload, in  1.874 seconds
Platform modules already initialized, skipping
Refreshing native plugins compatible for Editor in 0.66 ms, found 3 plugins.
Preloading 0 native plugins for Editor in 0.00 ms.
Unloading 2079 Unused Serialized files (Serialized files now loaded: 0)
System memory in use before: 96.5 MB.
System memory in use after: 96.6 MB.

Unloading 16 unused Assets to reduce memory usage. Loaded Objects now: 2626.
Total: 2.918500 ms (FindLiveObjects: 0.239500 ms CreateObjectMapping: 0.097600 ms MarkObjects: 2.529700 ms  DeleteObjects: 0.049700 ms)

========================================================================
Received Prepare
Registering precompiled user dll's ...
Registered in 0.114015 seconds.
Begin MonoManager ReloadAssembly
Native extension for WindowsStandalone target not found
Refreshing native plugins compatible for Editor in 0.64 ms, found 3 plugins.
Preloading 0 native plugins for Editor in 0.00 ms.
Mono: successfully reloaded assembly
- Completed reload, in  1.598 seconds
Platform modules already initialized, skipping
Refreshing native plugins compatible for Editor in 0.91 ms, found 3 plugins.
Preloading 0 native plugins for Editor in 0.00 ms.
Unloading 2079 Unused Serialized files (Serialized files now loaded: 0)
System memory in use before: 96.5 MB.
System memory in use after: 96.6 MB.

Unloading 16 unused Assets to reduce memory usage. Loaded Objects now: 2630.
Total: 3.195000 ms (FindLiveObjects: 0.343600 ms CreateObjectMapping: 0.172300 ms MarkObjects: 2.638900 ms  DeleteObjects: 0.038000 ms)

========================================================================
Received Prepare
Registering precompiled user dll's ...
Registered in 0.006197 seconds.
Begin MonoManager ReloadAssembly
Native extension for WindowsStandalone target not found
Refreshing native plugins compatible for Editor in 0.65 ms, found 3 plugins.
Preloading 0 native plugins for Editor in 0.00 ms.
Mono: successfully reloaded assembly
- Completed reload, in  1.585 seconds
Platform modules already initialized, skipping
Refreshing native plugins compatible for Editor in 0.66 ms, found 3 plugins.
Preloading 0 native plugins for Editor in 0.00 ms.
Unloading 2079 Unused Serialized files (Serialized files now loaded: 0)
System memory in use before: 96.5 MB.
System memory in use after: 96.6 MB.

Unloading 16 unused Assets to reduce memory usage. Loaded Objects now: 2634.
Total: 2.837300 ms (FindLiveObjects: 0.240800 ms CreateObjectMapping: 0.100400 ms MarkObjects: 2.461300 ms  DeleteObjects: 0.033200 ms)

========================================================================
Received Prepare
Registering precompiled user dll's ...
Registered in 0.006451 seconds.
Begin MonoManager ReloadAssembly
Native extension for WindowsStandalone target not found
Refreshing native plugins compatible for Editor in 0.63 ms, found 3 plugins.
Preloading 0 native plugins for Editor in 0.00 ms.
Mono: successfully reloaded assembly
- Completed reload, in  1.684 seconds
Platform modules already initialized, skipping
Refreshing native plugins compatible for Editor in 0.65 ms, found 3 plugins.
Preloading 0 native plugins for Editor in 0.00 ms.
Unloading 2079 Unused Serialized files (Serialized files now loaded: 0)
System memory in use before: 96.5 MB.
System memory in use after: 96.6 MB.

Unloading 16 unused Assets to reduce memory usage. Loaded Objects now: 2638.
Total: 2.889100 ms (FindLiveObjects: 0.253100 ms CreateObjectMapping: 0.103900 ms MarkObjects: 2.479300 ms  DeleteObjects: 0.050900 ms)

========================================================================
Received Prepare
Registering precompiled user dll's ...
Registered in 0.006184 seconds.
Begin MonoManager ReloadAssembly
Native extension for WindowsStandalone target not found
Refreshing native plugins compatible for Editor in 0.63 ms, found 3 plugins.
Preloading 0 native plugins for Editor in 0.00 ms.
Mono: successfully reloaded assembly
- Completed reload, in  1.568 seconds
Platform modules already initialized, skipping
Refreshing native plugins compatible for Editor in 0.66 ms, found 3 plugins.
Preloading 0 native plugins for Editor in 0.00 ms.
Unloading 2079 Unused Serialized files (Serialized files now loaded: 0)
System memory in use before: 96.5 MB.
System memory in use after: 96.6 MB.

Unloading 16 unused Assets to reduce memory usage. Loaded Objects now: 2642.
Total: 2.851500 ms (FindLiveObjects: 0.235300 ms CreateObjectMapping: 0.096100 ms MarkObjects: 2.485900 ms  DeleteObjects: 0.032400 ms)

========================================================================
Received Prepare
Registering precompiled user dll's ...
Registered in 0.007044 seconds.
Begin MonoManager ReloadAssembly
Native extension for WindowsStandalone target not found
Refreshing native plugins compatible for Editor in 0.62 ms, found 3 plugins.
Preloading 0 native plugins for Editor in 0.00 ms.
Mono: successfully reloaded assembly
- Completed reload, in  1.630 seconds
Platform modules already initialized, skipping
Refreshing native plugins compatible for Editor in 0.65 ms, found 3 plugins.
Preloading 0 native plugins for Editor in 0.00 ms.
Unloading 2079 Unused Serialized files (Serialized files now loaded: 0)
System memory in use before: 96.5 MB.
System memory in use after: 96.6 MB.

Unloading 16 unused Assets to reduce memory usage. Loaded Objects now: 2646.
Total: 3.288400 ms (FindLiveObjects: 0.239300 ms CreateObjectMapping: 0.097600 ms MarkObjects: 2.913900 ms  DeleteObjects: 0.035700 ms)

========================================================================
Received Prepare
Registering precompiled user dll's ...
Registered in 0.006362 seconds.
Begin MonoManager ReloadAssembly
Native extension for WindowsStandalone target not found
Refreshing native plugins compatible for Editor in 0.72 ms, found 3 plugins.
Preloading 0 native plugins for Editor in 0.00 ms.
Mono: successfully reloaded assembly
- Completed reload, in  1.680 seconds
Platform modules already initialized, skipping
Refreshing native plugins compatible for Editor in 0.66 ms, found 3 plugins.
Preloading 0 native plugins for Editor in 0.00 ms.
Unloading 2079 Unused Serialized files (Serialized files now loaded: 0)
System memory in use before: 96.5 MB.
System memory in use after: 96.6 MB.

Unloading 16 unused Assets to reduce memory usage. Loaded Objects now: 2650.
Total: 3.014600 ms (FindLiveObjects: 0.255700 ms CreateObjectMapping: 0.097900 ms MarkObjects: 2.615300 ms  DeleteObjects: 0.034000 ms)

========================================================================
Received Prepare
Registering precompiled user dll's ...
Registered in 0.006629 seconds.
Begin MonoManager ReloadAssembly
Native extension for WindowsStandalone target not found
Refreshing native plugins compatible for Editor in 0.76 ms, found 3 plugins.
Preloading 0 native plugins for Editor in 0.00 ms.
Mono: successfully reloaded assembly
- Completed reload, in  1.609 seconds
Platform modules already initialized, skipping
Refreshing native plugins compatible for Editor in 0.67 ms, found 3 plugins.
Preloading 0 native plugins for Editor in 0.00 ms.
Unloading 2079 Unused Serialized files (Serialized files now loaded: 0)
System memory in use before: 96.5 MB.
System memory in use after: 96.6 MB.

Unloading 16 unused Assets to reduce memory usage. Loaded Objects now: 2654.
Total: 3.632000 ms (FindLiveObjects: 0.987700 ms CreateObjectMapping: 0.095800 ms MarkObjects: 2.496500 ms  DeleteObjects: 0.050300 ms)

========================================================================
Received Prepare
Registering precompiled user dll's ...
Registered in 0.037535 seconds.
Begin MonoManager ReloadAssembly
Native extension for WindowsStandalone target not found
Refreshing native plugins compatible for Editor in 0.80 ms, found 3 plugins.
Preloading 0 native plugins for Editor in 0.00 ms.
Mono: successfully reloaded assembly
- Completed reload, in  2.702 seconds
Platform modules already initialized, skipping
Refreshing native plugins compatible for Editor in 0.64 ms, found 3 plugins.
Preloading 0 native plugins for Editor in 0.00 ms.
Unloading 2079 Unused Serialized files (Serialized files now loaded: 0)
System memory in use before: 96.5 MB.
System memory in use after: 96.7 MB.

Unloading 16 unused Assets to reduce memory usage. Loaded Objects now: 2658.
Total: 5.150700 ms (FindLiveObjects: 0.284400 ms CreateObjectMapping: 0.102600 ms MarkObjects: 4.724000 ms  DeleteObjects: 0.037300 ms)

========================================================================
Received Prepare
Registering precompiled user dll's ...
Registered in 0.071060 seconds.
Begin MonoManager ReloadAssembly
Native extension for WindowsStandalone target not found
Refreshing native plugins compatible for Editor in 0.65 ms, found 3 plugins.
Preloading 0 native plugins for Editor in 0.00 ms.
Mono: successfully reloaded assembly
- Completed reload, in  1.731 seconds
Platform modules already initialized, skipping
Refreshing native plugins compatible for Editor in 0.79 ms, found 3 plugins.
Preloading 0 native plugins for Editor in 0.00 ms.
Unloading 2079 Unused Serialized files (Serialized files now loaded: 0)
System memory in use before: 96.5 MB.
System memory in use after: 96.7 MB.

Unloading 16 unused Assets to reduce memory usage. Loaded Objects now: 2662.
Total: 3.936700 ms (FindLiveObjects: 0.393900 ms CreateObjectMapping: 0.139400 ms MarkObjects: 3.341200 ms  DeleteObjects: 0.059400 ms)

========================================================================
Received Prepare
Registering precompiled user dll's ...
Registered in 0.011568 seconds.
Begin MonoManager ReloadAssembly
Native extension for WindowsStandalone target not found
Refreshing native plugins compatible for Editor in 0.73 ms, found 3 plugins.
Preloading 0 native plugins for Editor in 0.00 ms.
Mono: successfully reloaded assembly
- Completed reload, in  3.452 seconds
Platform modules already initialized, skipping
Refreshing native plugins compatible for Editor in 0.68 ms, found 3 plugins.
Preloading 0 native plugins for Editor in 0.00 ms.
Unloading 2079 Unused Serialized files (Serialized files now loaded: 0)
System memory in use before: 96.5 MB.
System memory in use after: 96.7 MB.

Unloading 16 unused Assets to reduce memory usage. Loaded Objects now: 2666.
Total: 3.290100 ms (FindLiveObjects: 0.261500 ms CreateObjectMapping: 0.102300 ms MarkObjects: 2.886500 ms  DeleteObjects: 0.037800 ms)

========================================================================
Received Prepare
Registering precompiled user dll's ...
Registered in 0.105498 seconds.
Begin MonoManager ReloadAssembly
Native extension for WindowsStandalone target not found
Refreshing native plugins compatible for Editor in 0.63 ms, found 3 plugins.
Preloading 0 native plugins for Editor in 0.00 ms.
Mono: successfully reloaded assembly
- Completed reload, in  1.664 seconds
Platform modules already initialized, skipping
Refreshing native plugins compatible for Editor in 0.92 ms, found 3 plugins.
Preloading 0 native plugins for Editor in 0.00 ms.
Unloading 2079 Unused Serialized files (Serialized files now loaded: 0)
System memory in use before: 96.6 MB.
System memory in use after: 96.7 MB.

Unloading 16 unused Assets to reduce memory usage. Loaded Objects now: 2670.
Total: 4.230600 ms (FindLiveObjects: 0.280400 ms CreateObjectMapping: 0.116500 ms MarkObjects: 3.144400 ms  DeleteObjects: 0.687200 ms)

========================================================================
Received Prepare
Registering precompiled user dll's ...
Registered in 0.108081 seconds.
Begin MonoManager ReloadAssembly
Native extension for WindowsStandalone target not found
Refreshing native plugins compatible for Editor in 0.63 ms, found 3 plugins.
Preloading 0 native plugins for Editor in 0.00 ms.
Mono: successfully reloaded assembly
- Completed reload, in  1.683 seconds
Platform modules already initialized, skipping
Refreshing native plugins compatible for Editor in 0.67 ms, found 3 plugins.
Preloading 0 native plugins for Editor in 0.00 ms.
Unloading 2079 Unused Serialized files (Serialized files now loaded: 0)
System memory in use before: 96.6 MB.
System memory in use after: 96.7 MB.

Unloading 16 unused Assets to reduce memory usage. Loaded Objects now: 2674.
Total: 4.007900 ms (FindLiveObjects: 0.245500 ms CreateObjectMapping: 0.099000 ms MarkObjects: 3.180300 ms  DeleteObjects: 0.477300 ms)

========================================================================
Received Prepare
Registering precompiled user dll's ...
Registered in 0.006714 seconds.
Begin MonoManager ReloadAssembly
Native extension for WindowsStandalone target not found
Refreshing native plugins compatible for Editor in 1.22 ms, found 3 plugins.
Preloading 0 native plugins for Editor in 0.00 ms.
Mono: successfully reloaded assembly
- Completed reload, in  1.571 seconds
Platform modules already initialized, skipping
Refreshing native plugins compatible for Editor in 0.66 ms, found 3 plugins.
Preloading 0 native plugins for Editor in 0.00 ms.
Unloading 2079 Unused Serialized files (Serialized files now loaded: 0)
System memory in use before: 96.6 MB.
System memory in use after: 96.7 MB.

Unloading 16 unused Assets to reduce memory usage. Loaded Objects now: 2678.
Total: 3.036300 ms (FindLiveObjects: 0.242300 ms CreateObjectMapping: 0.096300 ms MarkObjects: 2.650900 ms  DeleteObjects: 0.044900 ms)

========================================================================
Received Prepare
Registering precompiled user dll's ...
Registered in 0.008275 seconds.
Begin MonoManager ReloadAssembly
Native extension for WindowsStandalone target not found
Refreshing native plugins compatible for Editor in 0.80 ms, found 3 plugins.
Preloading 0 native plugins for Editor in 0.00 ms.
Mono: successfully reloaded assembly
- Completed reload, in  2.404 seconds
Platform modules already initialized, skipping
Refreshing native plugins compatible for Editor in 1.53 ms, found 3 plugins.
Preloading 0 native plugins for Editor in 0.00 ms.
Unloading 2079 Unused Serialized files (Serialized files now loaded: 0)
System memory in use before: 96.6 MB.
System memory in use after: 96.7 MB.

Unloading 16 unused Assets to reduce memory usage. Loaded Objects now: 2682.
Total: 5.015900 ms (FindLiveObjects: 0.329100 ms CreateObjectMapping: 0.110800 ms MarkObjects: 4.535100 ms  DeleteObjects: 0.037000 ms)

========================================================================
Received Prepare
Registering precompiled user dll's ...
Registered in 0.036221 seconds.
Begin MonoManager ReloadAssembly
Native extension for WindowsStandalone target not found
Refreshing native plugins compatible for Editor in 0.63 ms, found 3 plugins.
Preloading 0 native plugins for Editor in 0.00 ms.
Mono: successfully reloaded assembly
- Completed reload, in  1.662 seconds
Platform modules already initialized, skipping
Refreshing native plugins compatible for Editor in 0.89 ms, found 3 plugins.
Preloading 0 native plugins for Editor in 0.00 ms.
Unloading 2079 Unused Serialized files (Serialized files now loaded: 0)
System memory in use before: 96.6 MB.
System memory in use after: 96.7 MB.

Unloading 16 unused Assets to reduce memory usage. Loaded Objects now: 2686.
Total: 3.834300 ms (FindLiveObjects: 0.333300 ms CreateObjectMapping: 0.140200 ms MarkObjects: 3.313900 ms  DeleteObjects: 0.044200 ms)

========================================================================
Received Prepare
Registering precompiled user dll's ...
Registered in 0.008444 seconds.
Begin MonoManager ReloadAssembly
Native extension for WindowsStandalone target not found
Refreshing native plugins compatible for Editor in 0.65 ms, found 3 plugins.
Preloading 0 native plugins for Editor in 0.00 ms.
Mono: successfully reloaded assembly
- Completed reload, in  1.584 seconds
Platform modules already initialized, skipping
Refreshing native plugins compatible for Editor in 0.66 ms, found 3 plugins.
Preloading 0 native plugins for Editor in 0.00 ms.
Unloading 2079 Unused Serialized files (Serialized files now loaded: 0)
System memory in use before: 96.6 MB.
System memory in use after: 96.7 MB.

Unloading 16 unused Assets to reduce memory usage. Loaded Objects now: 2690.
Total: 3.373900 ms (FindLiveObjects: 0.245200 ms CreateObjectMapping: 0.099600 ms MarkObjects: 2.572200 ms  DeleteObjects: 0.455000 ms)

========================================================================
Received Prepare
Registering precompiled user dll's ...
Registered in 0.046988 seconds.
Begin MonoManager ReloadAssembly
Native extension for WindowsStandalone target not found
Refreshing native plugins compatible for Editor in 0.98 ms, found 3 plugins.
Preloading 0 native plugins for Editor in 0.00 ms.
Mono: successfully reloaded assembly
- Completed reload, in  1.979 seconds
Platform modules already initialized, skipping
Refreshing native plugins compatible for Editor in 0.95 ms, found 3 plugins.
Preloading 0 native plugins for Editor in 0.00 ms.
Unloading 2079 Unused Serialized files (Serialized files now loaded: 0)
System memory in use before: 96.6 MB.
System memory in use after: 96.7 MB.

Unloading 16 unused Assets to reduce memory usage. Loaded Objects now: 2694.
Total: 22.078500 ms (FindLiveObjects: 1.395400 ms CreateObjectMapping: 0.179800 ms MarkObjects: 19.252700 ms  DeleteObjects: 1.247500 ms)

========================================================================
Received Prepare
Registering precompiled user dll's ...
Registered in 0.106342 seconds.
Begin MonoManager ReloadAssembly
Native extension for WindowsStandalone target not found
Refreshing native plugins compatible for Editor in 0.70 ms, found 3 plugins.
Preloading 0 native plugins for Editor in 0.00 ms.
Mono: successfully reloaded assembly
- Completed reload, in  1.631 seconds
Platform modules already initialized, skipping
Refreshing native plugins compatible for Editor in 0.66 ms, found 3 plugins.
Preloading 0 native plugins for Editor in 0.00 ms.
Unloading 2079 Unused Serialized files (Serialized files now loaded: 0)
System memory in use before: 96.6 MB.
System memory in use after: 96.7 MB.

Unloading 16 unused Assets to reduce memory usage. Loaded Objects now: 2698.
Total: 3.187800 ms (FindLiveObjects: 0.256600 ms CreateObjectMapping: 0.108800 ms MarkObjects: 2.797300 ms  DeleteObjects: 0.023400 ms)

========================================================================
Received Import Request.
  Time since last request: 3811.215946 seconds.
  path: Assets/Clean Settings UI
  artifactKey: Guid(74a7f833f4dae3d478ec060269d72ac3) Importer(815301076,1909f56bfc062723c751e8b465ee728b)
Start importing Assets/Clean Settings UI using Guid(74a7f833f4dae3d478ec060269d72ac3) Importer(815301076,1909f56bfc062723c751e8b465ee728b)  -> (artifact id: '2475af2dc38bb3e43262053942a9cfa8') in 0.440019 seconds
  Import took 0.903177 seconds .

========================================================================
Received Import Request.
  Time since last request: 4.306168 seconds.
  path: Assets/Resources/Clean Settings UI/Images
  artifactKey: Guid(0edb0aeaed4ef66489cd408e7fa95fec) Importer(815301076,1909f56bfc062723c751e8b465ee728b)
Start importing Assets/Resources/Clean Settings UI/Images using Guid(0edb0aeaed4ef66489cd408e7fa95fec) Importer(815301076,1909f56bfc062723c751e8b465ee728b)  -> (artifact id: 'f70502687ae2a4776a4ea2b9b5442e27') in 0.025159 seconds
  Import took 0.055982 seconds .

========================================================================
Received Import Request.
  Time since last request: 1.766465 seconds.
  path: Assets/Resources/Clean Settings UI/Images/container.png
  artifactKey: Guid(ae2d1015e15df4abab1d825856a6a60c) Importer(815301076,1909f56bfc062723c751e8b465ee728b)
Start importing Assets/Resources/Clean Settings UI/Images/container.png using Guid(ae2d1015e15df4abab1d825856a6a60c) Importer(815301076,1909f56bfc062723c751e8b465ee728b)  -> (artifact id: '1d019b2afda7dae7435fe88f40f1b89e') in 0.793881 seconds
  Import took 0.813187 seconds .

========================================================================
Received Import Request.
  Time since last request: 0.000309 seconds.
  path: Assets/Resources/Clean Settings UI/Images/line_background.png
  artifactKey: Guid(9d155774f1cd844f9978af0b323fe107) Importer(815301076,1909f56bfc062723c751e8b465ee728b)
Start importing Assets/Resources/Clean Settings UI/Images/line_background.png using Guid(9d155774f1cd844f9978af0b323fe107) Importer(815301076,1909f56bfc062723c751e8b465ee728b)  -> (artifact id: '0fa2850e83656d84ab62c58a6ee494c5') in 0.030427 seconds
  Import took 0.055927 seconds .

========================================================================
Received Import Request.
  Time since last request: 0.300280 seconds.
  path: Assets/Resources/Clean Settings UI/Images/line_disabled.png
  artifactKey: Guid(f842cf0250b4741f98637349549d6cb4) Importer(815301076,1909f56bfc062723c751e8b465ee728b)
Start importing Assets/Resources/Clean Settings UI/Images/line_disabled.png using Guid(f842cf0250b4741f98637349549d6cb4) Importer(815301076,1909f56bfc062723c751e8b465ee728b)  -> (artifact id: '12b40ec2e7848a48f1e519c51176e1ac') in 0.023259 seconds
  Import took 0.029000 seconds .

========================================================================
Received Import Request.
  Time since last request: 0.000587 seconds.
  path: Assets/Resources/Clean Settings UI/Images/line_disabled.png
  artifactKey: Guid(f842cf0250b4741f98637349549d6cb4) Importer(815301076,1909f56bfc062723c751e8b465ee728b)
Start importing Assets/Resources/Clean Settings UI/Images/line_disabled.png using Guid(f842cf0250b4741f98637349549d6cb4) Importer(815301076,1909f56bfc062723c751e8b465ee728b)  -> (artifact id: '12b40ec2e7848a48f1e519c51176e1ac') in 0.015454 seconds
  Import took 0.020292 seconds .

========================================================================
Received Import Request.
  Time since last request: 3.101318 seconds.
  path: Assets/Resources/Clean Settings UI/Images/line_hover.png
  artifactKey: Guid(ec27cb008721b40839120717c5108472) Importer(815301076,1909f56bfc062723c751e8b465ee728b)
Start importing Assets/Resources/Clean Settings UI/Images/line_hover.png using Guid(ec27cb008721b40839120717c5108472) Importer(815301076,1909f56bfc062723c751e8b465ee728b)  -> (artifact id: 'c2c9f42d591b1b01b74aa74e16d0a9ef') in 0.045998 seconds
  Import took 0.057575 seconds .

========================================================================
Received Import Request.
  Time since last request: 8.866387 seconds.
  path: Assets/Resources/Clean Settings UI/Images/square_button_hover.png
  artifactKey: Guid(03ba77e79215547be8d047beaaf2e040) Importer(815301076,1909f56bfc062723c751e8b465ee728b)
Start importing Assets/Resources/Clean Settings UI/Images/square_button_hover.png using Guid(03ba77e79215547be8d047beaaf2e040) Importer(815301076,1909f56bfc062723c751e8b465ee728b)  -> (artifact id: '74978db26039ae829f85ffac570f990f') in 0.043858 seconds
  Import took 0.057809 seconds .

========================================================================
Received Import Request.
  Time since last request: 0.287442 seconds.
  path: Assets/Resources/Clean Settings UI/Images/toggle_background_disabled.png
  artifactKey: Guid(1b0692daa539c49659e3b90580e17854) Importer(815301076,1909f56bfc062723c751e8b465ee728b)
Start importing Assets/Resources/Clean Settings UI/Images/toggle_background_disabled.png using Guid(1b0692daa539c49659e3b90580e17854) Importer(815301076,1909f56bfc062723c751e8b465ee728b)  -> (artifact id: 'e13cef029c3ba1f8b40e9d816564bd81') in 0.046440 seconds
  Import took 0.061386 seconds .

========================================================================
Received Import Request.
  Time since last request: 0.234348 seconds.
  path: Assets/Resources/Clean Settings UI/Images/toggle_background_down.png
  artifactKey: Guid(7f0335412a0044a149f71aeb77ff61b3) Importer(815301076,1909f56bfc062723c751e8b465ee728b)
Start importing Assets/Resources/Clean Settings UI/Images/toggle_background_down.png using Guid(7f0335412a0044a149f71aeb77ff61b3) Importer(815301076,1909f56bfc062723c751e8b465ee728b)  -> (artifact id: '8e4949ebb751c0e97ae1bbf7db1c5955') in 0.038309 seconds
  Import took 0.048185 seconds .

========================================================================
Received Import Request.
  Time since last request: 0.177395 seconds.
  path: Assets/Resources/Clean Settings UI/Images/toggle_background_up.png
  artifactKey: Guid(6d5372022c03841b58c2b0d1d962d851) Importer(815301076,1909f56bfc062723c751e8b465ee728b)
Start importing Assets/Resources/Clean Settings UI/Images/toggle_background_up.png using Guid(6d5372022c03841b58c2b0d1d962d851) Importer(815301076,1909f56bfc062723c751e8b465ee728b)  -> (artifact id: 'e6743be7a1cb183c9b4d574899d10242') in 0.047228 seconds
  Import took 0.062756 seconds .

========================================================================
Received Import Request.
  Time since last request: 0.984935 seconds.
  path: Assets/Resources/Clean Settings UI/Images/toggle_checkmark.png
  artifactKey: Guid(b59d8b3d6a1754128ac189a70f41db08) Importer(815301076,1909f56bfc062723c751e8b465ee728b)
Start importing Assets/Resources/Clean Settings UI/Images/toggle_checkmark.png using Guid(b59d8b3d6a1754128ac189a70f41db08) Importer(815301076,1909f56bfc062723c751e8b465ee728b)  -> (artifact id: '5fdc0adc70cce1a3220fbcbae90d7f5e') in 0.039989 seconds
  Import took 0.056971 seconds .

========================================================================
Received Import Request.
  Time since last request: 1.329285 seconds.
  path: Assets/Resources/Clean Settings UI/Images/icons
  artifactKey: Guid(2abe4c1fbe16c314abf83f2a392081f8) Importer(815301076,1909f56bfc062723c751e8b465ee728b)
Start importing Assets/Resources/Clean Settings UI/Images/icons using Guid(2abe4c1fbe16c314abf83f2a392081f8) Importer(815301076,1909f56bfc062723c751e8b465ee728b)  -> (artifact id: 'efdcdcc2cefdf63b8ec1f3409262bf33') in 0.012513 seconds
  Import took 0.042411 seconds .

========================================================================
Received Import Request.
  Time since last request: 2.084697 seconds.
  path: Assets/Resources/Clean Settings UI/Images/backgrounds
  artifactKey: Guid(e6b19bd8f551a2c4aa90767870196e7f) Importer(815301076,1909f56bfc062723c751e8b465ee728b)
Start importing Assets/Resources/Clean Settings UI/Images/backgrounds using Guid(e6b19bd8f551a2c4aa90767870196e7f) Importer(815301076,1909f56bfc062723c751e8b465ee728b)  -> (artifact id: '76a94ca81f39eba85a02a103abe520e3') in 0.011664 seconds
  Import took 0.016642 seconds .

========================================================================
Received Import Request.
  Time since last request: 0.615431 seconds.
  path: Assets/Resources/Clean Settings UI/Images/backgrounds/background2.png
  artifactKey: Guid(6b1bfa748364b48bebc54f171bfebbbb) Importer(815301076,1909f56bfc062723c751e8b465ee728b)
Start importing Assets/Resources/Clean Settings UI/Images/backgrounds/background2.png using Guid(6b1bfa748364b48bebc54f171bfebbbb) Importer(815301076,1909f56bfc062723c751e8b465ee728b)  -> (artifact id: '617650cc590e90acaca4bcec949e9782') in 0.063969 seconds
  Import took 0.069723 seconds .

========================================================================
Received Import Request.
  Time since last request: 0.387700 seconds.
  path: Assets/Resources/Clean Settings UI/Images/backgrounds/background1.png
  artifactKey: Guid(a71ff11d2e94b48d09594ecebc7ac9f9) Importer(815301076,1909f56bfc062723c751e8b465ee728b)
Start importing Assets/Resources/Clean Settings UI/Images/backgrounds/background1.png using Guid(a71ff11d2e94b48d09594ecebc7ac9f9) Importer(815301076,1909f56bfc062723c751e8b465ee728b)  -> (artifact id: '1bb8068e0b88b5c2a8f9e329de05a2c2') in 0.039266 seconds
  Import took 0.063357 seconds .

========================================================================
Received Import Request.
  Time since last request: 0.319889 seconds.
  path: Assets/Resources/Clean Settings UI/Images/backgrounds/background3.png
  artifactKey: Guid(665924ecd5ef34a5b8baf6f892de3460) Importer(815301076,1909f56bfc062723c751e8b465ee728b)
Start importing Assets/Resources/Clean Settings UI/Images/backgrounds/background3.png using Guid(665924ecd5ef34a5b8baf6f892de3460) Importer(815301076,1909f56bfc062723c751e8b465ee728b)  -> (artifact id: '4213933b1fd049aa18802c55193ad9e2') in 0.038775 seconds
  Import took 0.057789 seconds .

========================================================================
Received Import Request.
  Time since last request: 3.219057 seconds.
  path: Assets/Resources/Clean Settings UI/Prefabs
  artifactKey: Guid(7164a69b213d8b54f987eeaa3b379df5) Importer(815301076,1909f56bfc062723c751e8b465ee728b)
Start importing Assets/Resources/Clean Settings UI/Prefabs using Guid(7164a69b213d8b54f987eeaa3b379df5) Importer(815301076,1909f56bfc062723c751e8b465ee728b)  -> (artifact id: '4a3179925b7d1303ac5ffc2688aa1fc9') in 0.011304 seconds
  Import took 0.034884 seconds .

========================================================================
Received Import Request.
  Time since last request: 6.290379 seconds.
  path: Assets/Resources/Clean Settings UI/Images/round_button_down.png
  artifactKey: Guid(d560951d64728465d8985378b1101f3a) Importer(815301076,1909f56bfc062723c751e8b465ee728b)
Start importing Assets/Resources/Clean Settings UI/Images/round_button_down.png using Guid(d560951d64728465d8985378b1101f3a) Importer(815301076,1909f56bfc062723c751e8b465ee728b)  -> (artifact id: '5eae440439a358459e537e5c4c9bab04') in 0.028108 seconds
  Import took 0.054203 seconds .

========================================================================
Received Import Request.
  Time since last request: 0.362814 seconds.
  path: Assets/Resources/Clean Settings UI/Images/round_button_hover.png
  artifactKey: Guid(aa238a8b068cd4059abd32376ca2a34c) Importer(815301076,1909f56bfc062723c751e8b465ee728b)
Start importing Assets/Resources/Clean Settings UI/Images/round_button_hover.png using Guid(aa238a8b068cd4059abd32376ca2a34c) Importer(815301076,1909f56bfc062723c751e8b465ee728b)  -> (artifact id: '18230236365a3cc1384223fb1abee71e') in 0.033122 seconds
  Import took 0.052399 seconds .

========================================================================
Received Import Request.
  Time since last request: 1.318130 seconds.
  path: Assets/Resources/Clean Settings UI/Images/square_button_disabled.png
  artifactKey: Guid(e0310c386b09348d9a23f0797e8fbd0b) Importer(815301076,1909f56bfc062723c751e8b465ee728b)
Start importing Assets/Resources/Clean Settings UI/Images/square_button_disabled.png using Guid(e0310c386b09348d9a23f0797e8fbd0b) Importer(815301076,1909f56bfc062723c751e8b465ee728b)  -> (artifact id: '084fd8e4df14c74098f553c1437092ae') in 0.024112 seconds
  Import took 0.040930 seconds .

========================================================================
Received Import Request.
  Time since last request: 0.327062 seconds.
  path: Assets/Resources/Clean Settings UI/Images/scrollhandle.png
  artifactKey: Guid(8c05173172a204c4f8d01299c77dc101) Importer(815301076,1909f56bfc062723c751e8b465ee728b)
Start importing Assets/Resources/Clean Settings UI/Images/scrollhandle.png using Guid(8c05173172a204c4f8d01299c77dc101) Importer(815301076,1909f56bfc062723c751e8b465ee728b)  -> (artifact id: 'fbfe21a106c11f60b87003110d692147') in 0.023953 seconds
  Import took 0.029352 seconds .

========================================================================
Received Import Request.
  Time since last request: 0.000648 seconds.
  path: Assets/Resources/Clean Settings UI/Images/scrollhandle.png
  artifactKey: Guid(8c05173172a204c4f8d01299c77dc101) Importer(815301076,1909f56bfc062723c751e8b465ee728b)
Start importing Assets/Resources/Clean Settings UI/Images/scrollhandle.png using Guid(8c05173172a204c4f8d01299c77dc101) Importer(815301076,1909f56bfc062723c751e8b465ee728b)  -> (artifact id: 'fbfe21a106c11f60b87003110d692147') in 0.015126 seconds
  Import took 0.021124 seconds .

========================================================================
Received Import Request.
  Time since last request: 249.498574 seconds.
  path: Assets/02.Scripts/Common/GameManager.cs
  artifactKey: Guid(c963434bf8bf7984dbd3aa8774499408) Importer(815301076,1909f56bfc062723c751e8b465ee728b)
Start importing Assets/02.Scripts/Common/GameManager.cs using Guid(c963434bf8bf7984dbd3aa8774499408) Importer(815301076,1909f56bfc062723c751e8b465ee728b)  -> (artifact id: '895d888ba5a55584eda6b9f557f527c0') in 0.012898 seconds
  Import took 0.019695 seconds .

========================================================================
Received Import Request.
  Time since last request: 0.036229 seconds.
  path: Assets/02.Scripts/Common/GameManager.cs
  artifactKey: Guid(c963434bf8bf7984dbd3aa8774499408) Importer(815301076,1909f56bfc062723c751e8b465ee728b)
Start importing Assets/02.Scripts/Common/GameManager.cs using Guid(c963434bf8bf7984dbd3aa8774499408) Importer(815301076,1909f56bfc062723c751e8b465ee728b)  -> (artifact id: '895d888ba5a55584eda6b9f557f527c0') in 0.005113 seconds
  Import took 0.010389 seconds .

========================================================================
Received Prepare
Registering precompiled user dll's ...
Registered in 0.183629 seconds.
Begin MonoManager ReloadAssembly
Native extension for WindowsStandalone target not found
Refreshing native plugins compatible for Editor in 1.35 ms, found 3 plugins.
Preloading 0 native plugins for Editor in 0.00 ms.
Mono: successfully reloaded assembly
- Completed reload, in  5.506 seconds
Platform modules already initialized, skipping
Refreshing native plugins compatible for Editor in 1.56 ms, found 3 plugins.
Preloading 0 native plugins for Editor in 0.00 ms.
Unloading 2079 Unused Serialized files (Serialized files now loaded: 0)
System memory in use before: 96.8 MB.
System memory in use after: 96.9 MB.

Unloading 16 unused Assets to reduce memory usage. Loaded Objects now: 2718.
Total: 9.076200 ms (FindLiveObjects: 0.451200 ms CreateObjectMapping: 0.133000 ms MarkObjects: 8.442700 ms  DeleteObjects: 0.045800 ms)

========================================================================
Received Prepare
Registering precompiled user dll's ...
Registered in 0.187794 seconds.
Begin MonoManager ReloadAssembly
Native extension for WindowsStandalone target not found
Refreshing native plugins compatible for Editor in 1.01 ms, found 3 plugins.
Preloading 0 native plugins for Editor in 0.00 ms.
Mono: successfully reloaded assembly
- Completed reload, in  3.337 seconds
Platform modules already initialized, skipping
Refreshing native plugins compatible for Editor in 0.71 ms, found 3 plugins.
Preloading 0 native plugins for Editor in 0.00 ms.
Unloading 2079 Unused Serialized files (Serialized files now loaded: 0)
System memory in use before: 96.8 MB.
System memory in use after: 97.0 MB.

Unloading 16 unused Assets to reduce memory usage. Loaded Objects now: 2722.
Total: 15.387100 ms (FindLiveObjects: 1.113000 ms CreateObjectMapping: 0.138700 ms MarkObjects: 14.102100 ms  DeleteObjects: 0.030900 ms)

========================================================================
Received Prepare
Registering precompiled user dll's ...
Registered in 0.098227 seconds.
Begin MonoManager ReloadAssembly
Native extension for WindowsStandalone target not found
Refreshing native plugins compatible for Editor in 0.87 ms, found 3 plugins.
Preloading 0 native plugins for Editor in 0.00 ms.
Mono: successfully reloaded assembly
- Completed reload, in  3.254 seconds
Platform modules already initialized, skipping
Refreshing native plugins compatible for Editor in 0.66 ms, found 3 plugins.
Preloading 0 native plugins for Editor in 0.00 ms.
Unloading 2079 Unused Serialized files (Serialized files now loaded: 0)
System memory in use before: 96.8 MB.
System memory in use after: 97.0 MB.

Unloading 16 unused Assets to reduce memory usage. Loaded Objects now: 2726.
Total: 3.285400 ms (FindLiveObjects: 0.294300 ms CreateObjectMapping: 0.130000 ms MarkObjects: 2.815300 ms  DeleteObjects: 0.044100 ms)

========================================================================
Received Prepare
Registering precompiled user dll's ...
Registered in 0.227240 seconds.
Begin MonoManager ReloadAssembly
Native extension for WindowsStandalone target not found
Refreshing native plugins compatible for Editor in 0.64 ms, found 3 plugins.
Preloading 0 native plugins for Editor in 0.00 ms.
Mono: successfully reloaded assembly
- Completed reload, in  1.613 seconds
Platform modules already initialized, skipping
Refreshing native plugins compatible for Editor in 1.18 ms, found 3 plugins.
Preloading 0 native plugins for Editor in 0.00 ms.
Unloading 2079 Unused Serialized files (Serialized files now loaded: 0)
System memory in use before: 96.8 MB.
System memory in use after: 97.0 MB.

Unloading 16 unused Assets to reduce memory usage. Loaded Objects now: 2730.
Total: 2.980500 ms (FindLiveObjects: 0.267400 ms CreateObjectMapping: 0.114300 ms MarkObjects: 2.563100 ms  DeleteObjects: 0.033700 ms)

========================================================================
Received Prepare
Registering precompiled user dll's ...
Registered in 0.006122 seconds.
Begin MonoManager ReloadAssembly
Native extension for WindowsStandalone target not found
Refreshing native plugins compatible for Editor in 0.69 ms, found 3 plugins.
Preloading 0 native plugins for Editor in 0.00 ms.
Mono: successfully reloaded assembly
- Completed reload, in  1.784 seconds
Platform modules already initialized, skipping
Refreshing native plugins compatible for Editor in 0.70 ms, found 3 plugins.
Preloading 0 native plugins for Editor in 0.00 ms.
Unloading 2079 Unused Serialized files (Serialized files now loaded: 0)
System memory in use before: 96.8 MB.
System memory in use after: 97.0 MB.

Unloading 16 unused Assets to reduce memory usage. Loaded Objects now: 2734.
Total: 3.045100 ms (FindLiveObjects: 0.279600 ms CreateObjectMapping: 0.118400 ms MarkObjects: 2.609400 ms  DeleteObjects: 0.035700 ms)

========================================================================
Received Prepare
Registering precompiled user dll's ...
Registered in 0.170668 seconds.
Begin MonoManager ReloadAssembly
Native extension for WindowsStandalone target not found
Refreshing native plugins compatible for Editor in 0.71 ms, found 3 plugins.
Preloading 0 native plugins for Editor in 0.00 ms.
Mono: successfully reloaded assembly
- Completed reload, in  1.835 seconds
Platform modules already initialized, skipping
Refreshing native plugins compatible for Editor in 0.95 ms, found 3 plugins.
Preloading 0 native plugins for Editor in 0.00 ms.
Unloading 2079 Unused Serialized files (Serialized files now loaded: 0)
System memory in use before: 96.8 MB.
System memory in use after: 97.0 MB.

Unloading 16 unused Assets to reduce memory usage. Loaded Objects now: 2738.
Total: 5.574500 ms (FindLiveObjects: 0.436600 ms CreateObjectMapping: 0.190200 ms MarkObjects: 4.904500 ms  DeleteObjects: 0.040200 ms)

========================================================================
Received Prepare
Registering precompiled user dll's ...
Registered in 0.065675 seconds.
Begin MonoManager ReloadAssembly
Native extension for WindowsStandalone target not found
Refreshing native plugins compatible for Editor in 0.75 ms, found 3 plugins.
Preloading 0 native plugins for Editor in 0.00 ms.
Mono: successfully reloaded assembly
- Completed reload, in  1.632 seconds
Platform modules already initialized, skipping
Refreshing native plugins compatible for Editor in 0.95 ms, found 3 plugins.
Preloading 0 native plugins for Editor in 0.00 ms.
Unloading 2079 Unused Serialized files (Serialized files now loaded: 0)
System memory in use before: 96.8 MB.
System memory in use after: 97.0 MB.

Unloading 16 unused Assets to reduce memory usage. Loaded Objects now: 2742.
Total: 3.054100 ms (FindLiveObjects: 0.272500 ms CreateObjectMapping: 0.120400 ms MarkObjects: 2.612900 ms  DeleteObjects: 0.046500 ms)

========================================================================
Received Import Request.
  Time since last request: 1571.174456 seconds.
  path: Assets/Resources/Player
  artifactKey: Guid(cdb1fc9a31234574bbb7e59e81f0626d) Importer(815301076,1909f56bfc062723c751e8b465ee728b)
Start importing Assets/Resources/Player using Guid(cdb1fc9a31234574bbb7e59e81f0626d) Importer(815301076,1909f56bfc062723c751e8b465ee728b)  -> (artifact id: 'd80ba5fa4065a01c0c570e567252a1fe') in 0.040590 seconds
  Import took 0.084080 seconds .

========================================================================
Received Import Request.
  Time since last request: 3.863949 seconds.
  path: Assets/Resources/EnemyImage
  artifactKey: Guid(45c3005c223fefc45860be3951a222f1) Importer(815301076,1909f56bfc062723c751e8b465ee728b)
Start importing Assets/Resources/EnemyImage using Guid(45c3005c223fefc45860be3951a222f1) Importer(815301076,1909f56bfc062723c751e8b465ee728b)  -> (artifact id: 'e67915a9cbc7e3b6007da2d29b34e811') in 0.014442 seconds
  Import took 0.030149 seconds .

========================================================================
Received Import Request.
  Time since last request: 2.541724 seconds.
  path: Assets/Resources/PlayerImage
  artifactKey: Guid(cdb1fc9a31234574bbb7e59e81f0626d) Importer(815301076,1909f56bfc062723c751e8b465ee728b)
Start importing Assets/Resources/PlayerImage using Guid(cdb1fc9a31234574bbb7e59e81f0626d) Importer(815301076,1909f56bfc062723c751e8b465ee728b)  -> (artifact id: '96b0abe4d76c808cfb388895713cb603') in 0.013930 seconds
  Import took 0.030152 seconds .

========================================================================
Received Import Request.
  Time since last request: 5.445623 seconds.
  path: Assets/Resources/BackGroundImage
  artifactKey: Guid(efcfa68dae8fa474493759ea1f618305) Importer(815301076,1909f56bfc062723c751e8b465ee728b)
Start importing Assets/Resources/BackGroundImage using Guid(efcfa68dae8fa474493759ea1f618305) Importer(815301076,1909f56bfc062723c751e8b465ee728b)  -> (artifact id: '040aaa6f7af62e65a77785a173d8e209') in 0.012629 seconds
  Import took 0.027439 seconds .

========================================================================
Received Import Request.
  Time since last request: 1261.823221 seconds.
  path: Assets/02.Scripts/Items
  artifactKey: Guid(0df441e1f402b0c40af35c092e2571b4) Importer(815301076,1909f56bfc062723c751e8b465ee728b)
Start importing Assets/02.Scripts/Items using Guid(0df441e1f402b0c40af35c092e2571b4) Importer(815301076,1909f56bfc062723c751e8b465ee728b)  -> (artifact id: '7eae5022addd0fc4445f91643a138995') in 0.086785 seconds
  Import took 0.638616 seconds .

========================================================================
Received Import Request.
  Time since last request: 7.898739 seconds.
  path: Assets/02.Scripts/Items/ItemInfo.cs
  artifactKey: Guid(09db42d1359b38c40bf442978a72d5e9) Importer(815301076,1909f56bfc062723c751e8b465ee728b)
Start importing Assets/02.Scripts/Items/ItemInfo.cs using Guid(09db42d1359b38c40bf442978a72d5e9) Importer(815301076,1909f56bfc062723c751e8b465ee728b)  -> (artifact id: 'fbcbc2c265d5ab1447262141fd516a48') in 0.050969 seconds
  Import took 0.097396 seconds .

========================================================================
Received Prepare
Registering precompiled user dll's ...
Registered in 0.099614 seconds.
Begin MonoManager ReloadAssembly
Native extension for WindowsStandalone target not found
Refreshing native plugins compatible for Editor in 1.15 ms, found 3 plugins.
Preloading 0 native plugins for Editor in 0.00 ms.
Mono: successfully reloaded assembly
- Completed reload, in  6.116 seconds
Platform modules already initialized, skipping
Refreshing native plugins compatible for Editor in 1.47 ms, found 3 plugins.
Preloading 0 native plugins for Editor in 0.00 ms.
Unloading 2080 Unused Serialized files (Serialized files now loaded: 0)
System memory in use before: 96.8 MB.
System memory in use after: 97.1 MB.

Unloading 16 unused Assets to reduce memory usage. Loaded Objects now: 2747.
Total: 24.929000 ms (FindLiveObjects: 0.818900 ms CreateObjectMapping: 0.160100 ms MarkObjects: 23.891900 ms  DeleteObjects: 0.055200 ms)

========================================================================
Received Import Request.
  Time since last request: 71.747951 seconds.
  path: Assets/02.Scripts/Items/ItemsAD.asmdef
  artifactKey: Guid(ae5ac09b2b2591442a3ab2ab7b408978) Importer(815301076,1909f56bfc062723c751e8b465ee728b)
Start importing Assets/02.Scripts/Items/ItemsAD.asmdef using Guid(ae5ac09b2b2591442a3ab2ab7b408978) Importer(815301076,1909f56bfc062723c751e8b465ee728b)  -> (artifact id: 'fb922cad4164cb8b4e9b1f86e0a2c9dc') in 0.042232 seconds
  Import took 0.073635 seconds .

========================================================================
Received Prepare
Registering precompiled user dll's ...
Registered in 0.061556 seconds.
Begin MonoManager ReloadAssembly
Native extension for WindowsStandalone target not found
Refreshing native plugins compatible for Editor in 0.65 ms, found 3 plugins.
Preloading 0 native plugins for Editor in 0.00 ms.
Mono: successfully reloaded assembly
- Completed reload, in  1.619 seconds
Platform modules already initialized, skipping
Refreshing native plugins compatible for Editor in 0.68 ms, found 3 plugins.
Preloading 0 native plugins for Editor in 0.00 ms.
Unloading 2080 Unused Serialized files (Serialized files now loaded: 0)
System memory in use before: 96.9 MB.
System memory in use after: 97.1 MB.

Unloading 16 unused Assets to reduce memory usage. Loaded Objects now: 2751.
Total: 3.405800 ms (FindLiveObjects: 0.311800 ms CreateObjectMapping: 0.120500 ms MarkObjects: 2.944700 ms  DeleteObjects: 0.026300 ms)

========================================================================
Received Prepare
Registering precompiled user dll's ...
Registered in 0.006214 seconds.
Begin MonoManager ReloadAssembly
Native extension for WindowsStandalone target not found
Refreshing native plugins compatible for Editor in 0.90 ms, found 3 plugins.
Preloading 0 native plugins for Editor in 0.00 ms.
Mono: successfully reloaded assembly
- Completed reload, in  1.688 seconds
Platform modules already initialized, skipping
Refreshing native plugins compatible for Editor in 0.66 ms, found 3 plugins.
Preloading 0 native plugins for Editor in 0.00 ms.
Unloading 2080 Unused Serialized files (Serialized files now loaded: 0)
System memory in use before: 96.9 MB.
System memory in use after: 97.1 MB.

Unloading 16 unused Assets to reduce memory usage. Loaded Objects now: 2755.
Total: 2.992000 ms (FindLiveObjects: 0.276800 ms CreateObjectMapping: 0.116600 ms MarkObjects: 2.565400 ms  DeleteObjects: 0.031500 ms)

