Using pre-set license
Built from '2020.3/staging' branch; Version is '2020.3.11f1 (99c7afb366b3) revision 10078127'; Using compiler version '192528614'; Build Type 'Release'
OS: 'Windows 10 Home; OS build 19043.1083; Version 2009; 64bit' Language: 'ko' Physical Memory: 32693 MB
BatchMode: 1, IsHumanControllingUs: 0, StartBugReporterOnCrash: 0, Is64bit: 1, IsPro: 0

 COMMAND LINE ARGUMENTS:
D:\Unity\2020.3.11f1\Editor\Unity.exe
-adb2
-batchMode
-noUpm
-name
AssetImportWorker0
-projectPath
D:/Yeil/DogE/Dog_E_The_Savior_
-logFile
Logs/AssetImportWorker0.log
-srvPort
14044
Successfully changed project path to: D:/Yeil/DogE/Dog_E_The_Savior_
D:/Yeil/DogE/Dog_E_The_Savior_
Using Asset Import Pipeline V2.
Refreshing native plugins compatible for Editor in 46.20 ms, found 3 plugins.
Preloading 0 native plugins for Editor in 0.00 ms.
Initialize engine version: 2020.3.11f1 (99c7afb366b3)
[Subsystems] Discovering subsystems at path D:/Unity/2020.3.11f1/Editor/Data/Resources/UnitySubsystems
[Subsystems] Discovering subsystems at path D:/Yeil/DogE/Dog_E_The_Savior_/Assets
GfxDevice: creating device client; threaded=0
Direct3D:
    Version:  Direct3D 11.0 [level 11.1]
    Renderer: NVIDIA GeForce GTX 1660 Ti (ID=0x2182)
    Vendor:   
    VRAM:     5991 MB
    Driver:   30.0.14.7111
Initialize mono
Mono path[0] = 'D:/Unity/2020.3.11f1/Editor/Data/Managed'
Mono path[1] = 'D:/Unity/2020.3.11f1/Editor/Data/MonoBleedingEdge/lib/mono/unityjit'
Mono config path = 'D:/Unity/2020.3.11f1/Editor/Data/MonoBleedingEdge/etc'
Using monoOptions --debugger-agent=transport=dt_socket,embedding=1,server=y,suspend=n,address=127.0.0.1:56584
Begin MonoManager ReloadAssembly
Registering precompiled unity dll's ...
Register platform support module: D:/Unity/2020.3.11f1/Editor/Data/PlaybackEngines/WindowsStandaloneSupport/UnityEditor.WindowsStandalone.Extensions.dll
Registered in 0.000998 seconds.
Native extension for WindowsStandalone target not found
Refreshing native plugins compatible for Editor in 47.71 ms, found 3 plugins.
Preloading 0 native plugins for Editor in 0.00 ms.
Mono: successfully reloaded assembly
- Completed reload, in  1.502 seconds
Platform modules already initialized, skipping
Registering precompiled user dll's ...
Registered in 0.002814 seconds.
Begin MonoManager ReloadAssembly
Native extension for WindowsStandalone target not found
Refreshing native plugins compatible for Editor in 48.63 ms, found 3 plugins.
Preloading 0 native plugins for Editor in 0.00 ms.
Mono: successfully reloaded assembly
- Completed reload, in  0.927 seconds
Platform modules already initialized, skipping
========================================================================
Worker process is ready to serve import requests
Launched and connected shader compiler UnityShaderCompiler.exe after 0.04 seconds
Refreshing native plugins compatible for Editor in 0.63 ms, found 3 plugins.
Preloading 0 native plugins for Editor in 0.00 ms.
Unloading 2098 Unused Serialized files (Serialized files now loaded: 0)
System memory in use before: 96.7 MB.
System memory in use after: 96.8 MB.

Unloading 28 unused Assets to reduce memory usage. Loaded Objects now: 2542.
Total: 2.110100 ms (FindLiveObjects: 0.236700 ms CreateObjectMapping: 0.051500 ms MarkObjects: 1.762000 ms  DeleteObjects: 0.058900 ms)

========================================================================
Received Import Request.
  path: Assets/02.Scripts
  artifactKey: Guid(ef2dca5de8dc0b248a66db84f3023e95) Importer(815301076,1909f56bfc062723c751e8b465ee728b)
Start importing Assets/02.Scripts using Guid(ef2dca5de8dc0b248a66db84f3023e95) Importer(815301076,1909f56bfc062723c751e8b465ee728b)  -> (artifact id: '492abc23d771dd9e6e3579451b009f8a') in 0.017108 seconds
  Import took 0.020440 seconds .

========================================================================
Received Import Request.
  Time since last request: 0.000264 seconds.
  path: Assets/02.Scripts/Common
  artifactKey: Guid(e71ea9f3da53d4a4dbb5e488adc765fd) Importer(815301076,1909f56bfc062723c751e8b465ee728b)
Start importing Assets/02.Scripts/Common using Guid(e71ea9f3da53d4a4dbb5e488adc765fd) Importer(815301076,1909f56bfc062723c751e8b465ee728b)  -> (artifact id: 'bc5d6716ca50f7187372c8a2af982e54') in 0.001493 seconds
  Import took 0.004114 seconds .

========================================================================
Received Import Request.
  Time since last request: 0.000142 seconds.
  path: Assets/02.Scripts/Items
  artifactKey: Guid(0df441e1f402b0c40af35c092e2571b4) Importer(815301076,1909f56bfc062723c751e8b465ee728b)
Start importing Assets/02.Scripts/Items using Guid(0df441e1f402b0c40af35c092e2571b4) Importer(815301076,1909f56bfc062723c751e8b465ee728b)  -> (artifact id: '7a1fa34551bb6b839d8248cae0c732d0') in 0.001550 seconds
  Import took 0.004072 seconds .

========================================================================
Received Import Request.
  Time since last request: 0.093065 seconds.
  path: Assets/02.Scripts/Enemy
  artifactKey: Guid(60f273bda9ac36e48ae3d7c9eea19f81) Importer(815301076,1909f56bfc062723c751e8b465ee728b)
Start importing Assets/02.Scripts/Enemy using Guid(60f273bda9ac36e48ae3d7c9eea19f81) Importer(815301076,1909f56bfc062723c751e8b465ee728b)  -> (artifact id: 'e15995349e251cbf591f8f38008ec39e') in 0.001657 seconds
  Import took 0.004744 seconds .

========================================================================
Received Import Request.
  Time since last request: 11.117475 seconds.
  path: Assets/02.Scripts/Enemy/EnemyMakerScr.cs
  artifactKey: Guid(6312494920d1621459370442772cb9db) Importer(815301076,1909f56bfc062723c751e8b465ee728b)
Start importing Assets/02.Scripts/Enemy/EnemyMakerScr.cs using Guid(6312494920d1621459370442772cb9db) Importer(815301076,1909f56bfc062723c751e8b465ee728b)  -> (artifact id: 'd36d6c4aab126517fbff5cb77d7dd5df') in 0.033515 seconds
  Import took 0.036638 seconds .

========================================================================
Received Import Request.
  Time since last request: 0.030785 seconds.
  path: Assets/02.Scripts/Enemy/EnemyMakerScr.cs
  artifactKey: Guid(6312494920d1621459370442772cb9db) Importer(815301076,1909f56bfc062723c751e8b465ee728b)
Start importing Assets/02.Scripts/Enemy/EnemyMakerScr.cs using Guid(6312494920d1621459370442772cb9db) Importer(815301076,1909f56bfc062723c751e8b465ee728b)  -> (artifact id: 'd36d6c4aab126517fbff5cb77d7dd5df') in 0.001427 seconds
  Import took 0.004267 seconds .

========================================================================
Received Import Request.
  Time since last request: 2312.180949 seconds.
  path: Assets/02.Scripts/Enemy/EnemyMakerScr.cs
  artifactKey: Guid(6312494920d1621459370442772cb9db) Importer(815301076,1909f56bfc062723c751e8b465ee728b)
Start importing Assets/02.Scripts/Enemy/EnemyMakerScr.cs using Guid(6312494920d1621459370442772cb9db) Importer(815301076,1909f56bfc062723c751e8b465ee728b)  -> (artifact id: '2f1b7a2fd2d30a30c6ad4aaeccf36750') in 0.001875 seconds
  Import took 0.005494 seconds .

========================================================================
Received Import Request.
  Time since last request: 7.433535 seconds.
  path: Assets/02.Scripts/Enemy/EnemyMakerScr.cs
  artifactKey: Guid(6312494920d1621459370442772cb9db) Importer(815301076,1909f56bfc062723c751e8b465ee728b)
Start importing Assets/02.Scripts/Enemy/EnemyMakerScr.cs using Guid(6312494920d1621459370442772cb9db) Importer(815301076,1909f56bfc062723c751e8b465ee728b)  -> (artifact id: '1ef393fade351fd1224255e8a348f792') in 0.002000 seconds
  Import took 0.005213 seconds .

========================================================================
Received Import Request.
  Time since last request: 6.235074 seconds.
  path: Assets/02.Scripts/Enemy/EnemyMakerScr.cs
  artifactKey: Guid(6312494920d1621459370442772cb9db) Importer(815301076,1909f56bfc062723c751e8b465ee728b)
Start importing Assets/02.Scripts/Enemy/EnemyMakerScr.cs using Guid(6312494920d1621459370442772cb9db) Importer(815301076,1909f56bfc062723c751e8b465ee728b)  -> (artifact id: 'e810a031e60033da79a5aa429a8bd717') in 0.002165 seconds
  Import took 0.005507 seconds .

========================================================================
Received Import Request.
  Time since last request: 0.003764 seconds.
  path: Assets/02.Scripts/Enemy/EnemyMakerScr.cs
  artifactKey: Guid(6312494920d1621459370442772cb9db) Importer(815301076,1909f56bfc062723c751e8b465ee728b)
Start importing Assets/02.Scripts/Enemy/EnemyMakerScr.cs using Guid(6312494920d1621459370442772cb9db) Importer(815301076,1909f56bfc062723c751e8b465ee728b)  -> (artifact id: 'e810a031e60033da79a5aa429a8bd717') in 0.001485 seconds
  Import took 0.004469 seconds .

========================================================================
Received Import Request.
  Time since last request: 5.350628 seconds.
  path: Assets/02.Scripts/Enemy/EnemyMakerScr.cs
  artifactKey: Guid(6312494920d1621459370442772cb9db) Importer(815301076,1909f56bfc062723c751e8b465ee728b)
Start importing Assets/02.Scripts/Enemy/EnemyMakerScr.cs using Guid(6312494920d1621459370442772cb9db) Importer(815301076,1909f56bfc062723c751e8b465ee728b)  -> (artifact id: '000f7a448c020ed39adc5e792de2d426') in 0.001714 seconds
  Import took 0.004912 seconds .

========================================================================
Received Import Request.
  Time since last request: 21.912925 seconds.
  path: Assets/02.Scripts/Enemy/EnemyMakerScr.cs
  artifactKey: Guid(6312494920d1621459370442772cb9db) Importer(815301076,1909f56bfc062723c751e8b465ee728b)
Start importing Assets/02.Scripts/Enemy/EnemyMakerScr.cs using Guid(6312494920d1621459370442772cb9db) Importer(815301076,1909f56bfc062723c751e8b465ee728b)  -> (artifact id: '66117c0e15d2ed6358503bcacecaaf2e') in 0.001714 seconds
  Import took 0.004877 seconds .

========================================================================
Received Import Request.
  Time since last request: 0.002870 seconds.
  path: Assets/02.Scripts/Enemy/EnemyMakerScr.cs
  artifactKey: Guid(6312494920d1621459370442772cb9db) Importer(815301076,1909f56bfc062723c751e8b465ee728b)
Start importing Assets/02.Scripts/Enemy/EnemyMakerScr.cs using Guid(6312494920d1621459370442772cb9db) Importer(815301076,1909f56bfc062723c751e8b465ee728b)  -> (artifact id: '66117c0e15d2ed6358503bcacecaaf2e') in 0.001554 seconds
  Import took 0.004415 seconds .

========================================================================
Received Import Request.
  Time since last request: 2.271143 seconds.
  path: Assets/02.Scripts/Enemy/EnemyMakerScr.cs
  artifactKey: Guid(6312494920d1621459370442772cb9db) Importer(815301076,1909f56bfc062723c751e8b465ee728b)
Start importing Assets/02.Scripts/Enemy/EnemyMakerScr.cs using Guid(6312494920d1621459370442772cb9db) Importer(815301076,1909f56bfc062723c751e8b465ee728b)  -> (artifact id: '13b0bd906cf2c3c8a16077017ed0d26e') in 0.001707 seconds
  Import took 0.005216 seconds .

========================================================================
Received Import Request.
  Time since last request: 0.004057 seconds.
  path: Assets/02.Scripts/Enemy/EnemyMakerScr.cs
  artifactKey: Guid(6312494920d1621459370442772cb9db) Importer(815301076,1909f56bfc062723c751e8b465ee728b)
Start importing Assets/02.Scripts/Enemy/EnemyMakerScr.cs using Guid(6312494920d1621459370442772cb9db) Importer(815301076,1909f56bfc062723c751e8b465ee728b)  -> (artifact id: '13b0bd906cf2c3c8a16077017ed0d26e') in 0.001602 seconds
  Import took 0.004703 seconds .

========================================================================
Received Import Request.
  Time since last request: 19.024444 seconds.
  path: Assets/02.Scripts/Enemy/EnemyMakerScr.cs
  artifactKey: Guid(6312494920d1621459370442772cb9db) Importer(815301076,1909f56bfc062723c751e8b465ee728b)
Start importing Assets/02.Scripts/Enemy/EnemyMakerScr.cs using Guid(6312494920d1621459370442772cb9db) Importer(815301076,1909f56bfc062723c751e8b465ee728b)  -> (artifact id: '1b1c090671ed34ff1bae0f4eaafd31ea') in 0.001534 seconds
  Import took 0.004362 seconds .

========================================================================
Received Import Request.
  Time since last request: 0.002840 seconds.
  path: Assets/02.Scripts/Enemy/EnemyMakerScr.cs
  artifactKey: Guid(6312494920d1621459370442772cb9db) Importer(815301076,1909f56bfc062723c751e8b465ee728b)
Start importing Assets/02.Scripts/Enemy/EnemyMakerScr.cs using Guid(6312494920d1621459370442772cb9db) Importer(815301076,1909f56bfc062723c751e8b465ee728b)  -> (artifact id: '1b1c090671ed34ff1bae0f4eaafd31ea') in 0.001986 seconds
  Import took 0.005636 seconds .

========================================================================
Received Import Request.
  Time since last request: 2.895422 seconds.
  path: Assets/02.Scripts/Enemy/EnemyMakerScr.cs
  artifactKey: Guid(6312494920d1621459370442772cb9db) Importer(815301076,1909f56bfc062723c751e8b465ee728b)
Start importing Assets/02.Scripts/Enemy/EnemyMakerScr.cs using Guid(6312494920d1621459370442772cb9db) Importer(815301076,1909f56bfc062723c751e8b465ee728b)  -> (artifact id: '46dd286c776f99997b23b3d25c777afe') in 0.001802 seconds
  Import took 0.004895 seconds .

========================================================================
Received Import Request.
  Time since last request: 5.442574 seconds.
  path: Assets/02.Scripts/Enemy/EnemyMakerScr.cs
  artifactKey: Guid(6312494920d1621459370442772cb9db) Importer(815301076,1909f56bfc062723c751e8b465ee728b)
Start importing Assets/02.Scripts/Enemy/EnemyMakerScr.cs using Guid(6312494920d1621459370442772cb9db) Importer(815301076,1909f56bfc062723c751e8b465ee728b)  -> (artifact id: 'd4d102f6161fc46fd1a24036d5cc1ad7') in 0.001494 seconds
  Import took 0.004674 seconds .

========================================================================
Received Import Request.
  Time since last request: 0.002503 seconds.
  path: Assets/02.Scripts/Enemy/EnemyMakerScr.cs
  artifactKey: Guid(6312494920d1621459370442772cb9db) Importer(815301076,1909f56bfc062723c751e8b465ee728b)
Start importing Assets/02.Scripts/Enemy/EnemyMakerScr.cs using Guid(6312494920d1621459370442772cb9db) Importer(815301076,1909f56bfc062723c751e8b465ee728b)  -> (artifact id: 'd4d102f6161fc46fd1a24036d5cc1ad7') in 0.001282 seconds
  Import took 0.003871 seconds .

========================================================================
Received Import Request.
  Time since last request: 3.680063 seconds.
  path: Assets/02.Scripts/Enemy/EnemyMakerScr.cs
  artifactKey: Guid(6312494920d1621459370442772cb9db) Importer(815301076,1909f56bfc062723c751e8b465ee728b)
Start importing Assets/02.Scripts/Enemy/EnemyMakerScr.cs using Guid(6312494920d1621459370442772cb9db) Importer(815301076,1909f56bfc062723c751e8b465ee728b)  -> (artifact id: '3898be8a0ddc247acf2beb5d0628290f') in 0.001767 seconds
  Import took 0.004672 seconds .

========================================================================
Received Import Request.
  Time since last request: 0.002145 seconds.
  path: Assets/02.Scripts/Enemy/EnemyMakerScr.cs
  artifactKey: Guid(6312494920d1621459370442772cb9db) Importer(815301076,1909f56bfc062723c751e8b465ee728b)
Start importing Assets/02.Scripts/Enemy/EnemyMakerScr.cs using Guid(6312494920d1621459370442772cb9db) Importer(815301076,1909f56bfc062723c751e8b465ee728b)  -> (artifact id: '3898be8a0ddc247acf2beb5d0628290f') in 0.001372 seconds
  Import took 0.003625 seconds .

========================================================================
Received Import Request.
  Time since last request: 124.974700 seconds.
  path: Assets/02.Scripts/Enemy/EnemyMakerScr.cs
  artifactKey: Guid(6312494920d1621459370442772cb9db) Importer(815301076,1909f56bfc062723c751e8b465ee728b)
Start importing Assets/02.Scripts/Enemy/EnemyMakerScr.cs using Guid(6312494920d1621459370442772cb9db) Importer(815301076,1909f56bfc062723c751e8b465ee728b)  -> (artifact id: '7e9d25c1e68f257ba44da41dcedb058e') in 0.001542 seconds
  Import took 0.004672 seconds .

========================================================================
Received Import Request.
  Time since last request: 0.002271 seconds.
  path: Assets/02.Scripts/Enemy/EnemyMakerScr.cs
  artifactKey: Guid(6312494920d1621459370442772cb9db) Importer(815301076,1909f56bfc062723c751e8b465ee728b)
Start importing Assets/02.Scripts/Enemy/EnemyMakerScr.cs using Guid(6312494920d1621459370442772cb9db) Importer(815301076,1909f56bfc062723c751e8b465ee728b)  -> (artifact id: '7e9d25c1e68f257ba44da41dcedb058e') in 0.001491 seconds
  Import took 0.003833 seconds .

========================================================================
Received Import Request.
  Time since last request: 6.816014 seconds.
  path: Assets/02.Scripts/Enemy/EnemyMakerScr.cs
  artifactKey: Guid(6312494920d1621459370442772cb9db) Importer(815301076,1909f56bfc062723c751e8b465ee728b)
Start importing Assets/02.Scripts/Enemy/EnemyMakerScr.cs using Guid(6312494920d1621459370442772cb9db) Importer(815301076,1909f56bfc062723c751e8b465ee728b)  -> (artifact id: 'b641f0d2cdb84f248f6c4daa545e370e') in 0.001511 seconds
  Import took 0.004670 seconds .

========================================================================
Received Import Request.
  Time since last request: 0.003154 seconds.
  path: Assets/02.Scripts/Enemy/EnemyMakerScr.cs
  artifactKey: Guid(6312494920d1621459370442772cb9db) Importer(815301076,1909f56bfc062723c751e8b465ee728b)
Start importing Assets/02.Scripts/Enemy/EnemyMakerScr.cs using Guid(6312494920d1621459370442772cb9db) Importer(815301076,1909f56bfc062723c751e8b465ee728b)  -> (artifact id: 'b641f0d2cdb84f248f6c4daa545e370e') in 0.001599 seconds
  Import took 0.004701 seconds .

========================================================================
Received Prepare
Registering precompiled user dll's ...
Registered in 0.003041 seconds.
Begin MonoManager ReloadAssembly
Native extension for WindowsStandalone target not found
Refreshing native plugins compatible for Editor in 0.63 ms, found 3 plugins.
Preloading 0 native plugins for Editor in 0.00 ms.
Mono: successfully reloaded assembly
- Completed reload, in  0.834 seconds
Platform modules already initialized, skipping
Refreshing native plugins compatible for Editor in 0.59 ms, found 3 plugins.
Preloading 0 native plugins for Editor in 0.00 ms.
Unloading 2088 Unused Serialized files (Serialized files now loaded: 0)
System memory in use before: 96.2 MB.
System memory in use after: 96.3 MB.

Unloading 16 unused Assets to reduce memory usage. Loaded Objects now: 2546.
Total: 2.320000 ms (FindLiveObjects: 0.208700 ms CreateObjectMapping: 0.046200 ms MarkObjects: 2.042300 ms  DeleteObjects: 0.021300 ms)

========================================================================
Received Prepare
Registering precompiled user dll's ...
Registered in 0.002870 seconds.
Begin MonoManager ReloadAssembly
Native extension for WindowsStandalone target not found
Refreshing native plugins compatible for Editor in 0.59 ms, found 3 plugins.
Preloading 0 native plugins for Editor in 0.00 ms.
Mono: successfully reloaded assembly
- Completed reload, in  0.830 seconds
Platform modules already initialized, skipping
Refreshing native plugins compatible for Editor in 0.61 ms, found 3 plugins.
Preloading 0 native plugins for Editor in 0.00 ms.
Unloading 2088 Unused Serialized files (Serialized files now loaded: 0)
System memory in use before: 96.2 MB.
System memory in use after: 96.3 MB.

Unloading 16 unused Assets to reduce memory usage. Loaded Objects now: 2550.
Total: 2.312300 ms (FindLiveObjects: 0.205700 ms CreateObjectMapping: 0.042500 ms MarkObjects: 2.042000 ms  DeleteObjects: 0.020500 ms)

========================================================================
Received Prepare
Registering precompiled user dll's ...
Registered in 0.003456 seconds.
Begin MonoManager ReloadAssembly
Native extension for WindowsStandalone target not found
Refreshing native plugins compatible for Editor in 0.61 ms, found 3 plugins.
Preloading 0 native plugins for Editor in 0.00 ms.
Mono: successfully reloaded assembly
- Completed reload, in  0.860 seconds
Platform modules already initialized, skipping
Refreshing native plugins compatible for Editor in 0.61 ms, found 3 plugins.
Preloading 0 native plugins for Editor in 0.00 ms.
Unloading 2088 Unused Serialized files (Serialized files now loaded: 0)
System memory in use before: 96.2 MB.
System memory in use after: 96.3 MB.

Unloading 16 unused Assets to reduce memory usage. Loaded Objects now: 2554.
Total: 2.079900 ms (FindLiveObjects: 0.226500 ms CreateObjectMapping: 0.051600 ms MarkObjects: 1.781700 ms  DeleteObjects: 0.019200 ms)

========================================================================
Received Prepare
Registering precompiled user dll's ...
Registered in 0.003014 seconds.
Begin MonoManager ReloadAssembly
Native extension for WindowsStandalone target not found
Refreshing native plugins compatible for Editor in 0.60 ms, found 3 plugins.
Preloading 0 native plugins for Editor in 0.00 ms.
Mono: successfully reloaded assembly
- Completed reload, in  0.823 seconds
Platform modules already initialized, skipping
Refreshing native plugins compatible for Editor in 0.65 ms, found 3 plugins.
Preloading 0 native plugins for Editor in 0.00 ms.
Unloading 2088 Unused Serialized files (Serialized files now loaded: 0)
System memory in use before: 96.2 MB.
System memory in use after: 96.4 MB.

Unloading 16 unused Assets to reduce memory usage. Loaded Objects now: 2558.
Total: 1.994600 ms (FindLiveObjects: 0.288100 ms CreateObjectMapping: 0.056000 ms MarkObjects: 1.634700 ms  DeleteObjects: 0.014900 ms)

AssetImportWorkerClient::OnTransportError - code=2 error=End of file
