Using pre-set license
Built from '2020.3/staging' branch; Version is '2020.3.11f1 (99c7afb366b3) revision 10078127'; Using compiler version '192528614'; Build Type 'Release'
OS: 'Windows 10 Home; OS build 19043.1083; Version 2009; 64bit' Language: 'ko' Physical Memory: 32693 MB
BatchMode: 1, IsHumanControllingUs: 0, StartBugReporterOnCrash: 0, Is64bit: 1, IsPro: 0

 COMMAND LINE ARGUMENTS:
D:\Unity\2020.3.11f1\Editor\Unity.exe
-adb2
-batchMode
-noUpm
-name
AssetImportWorker0
-projectPath
D:/Yeil/DogE/Dog_E_The_Savior_
-logFile
Logs/AssetImportWorker0.log
-srvPort
1247
Successfully changed project path to: D:/Yeil/DogE/Dog_E_The_Savior_
D:/Yeil/DogE/Dog_E_The_Savior_
Using Asset Import Pipeline V2.
Refreshing native plugins compatible for Editor in 45.25 ms, found 3 plugins.
Preloading 0 native plugins for Editor in 0.00 ms.
Initialize engine version: 2020.3.11f1 (99c7afb366b3)
[Subsystems] Discovering subsystems at path D:/Unity/2020.3.11f1/Editor/Data/Resources/UnitySubsystems
[Subsystems] Discovering subsystems at path D:/Yeil/DogE/Dog_E_The_Savior_/Assets
GfxDevice: creating device client; threaded=0
Direct3D:
    Version:  Direct3D 11.0 [level 11.1]
    Renderer: NVIDIA GeForce GTX 1660 Ti (ID=0x2182)
    Vendor:   
    VRAM:     5991 MB
    Driver:   30.0.14.7111
Initialize mono
Mono path[0] = 'D:/Unity/2020.3.11f1/Editor/Data/Managed'
Mono path[1] = 'D:/Unity/2020.3.11f1/Editor/Data/MonoBleedingEdge/lib/mono/unityjit'
Mono config path = 'D:/Unity/2020.3.11f1/Editor/Data/MonoBleedingEdge/etc'
Using monoOptions --debugger-agent=transport=dt_socket,embedding=1,server=y,suspend=n,address=127.0.0.1:56708
Begin MonoManager ReloadAssembly
Registering precompiled unity dll's ...
Register platform support module: D:/Unity/2020.3.11f1/Editor/Data/PlaybackEngines/WindowsStandaloneSupport/UnityEditor.WindowsStandalone.Extensions.dll
Registered in 0.001130 seconds.
Native extension for WindowsStandalone target not found
Refreshing native plugins compatible for Editor in 48.88 ms, found 3 plugins.
Preloading 0 native plugins for Editor in 0.00 ms.
Mono: successfully reloaded assembly
- Completed reload, in  1.551 seconds
Platform modules already initialized, skipping
Registering precompiled user dll's ...
Registered in 0.003253 seconds.
Begin MonoManager ReloadAssembly
Native extension for WindowsStandalone target not found
Refreshing native plugins compatible for Editor in 55.64 ms, found 3 plugins.
Preloading 0 native plugins for Editor in 0.00 ms.
Mono: successfully reloaded assembly
- Completed reload, in  1.024 seconds
Platform modules already initialized, skipping
========================================================================
Worker process is ready to serve import requests
Launched and connected shader compiler UnityShaderCompiler.exe after 0.10 seconds
Refreshing native plugins compatible for Editor in 0.69 ms, found 3 plugins.
Preloading 0 native plugins for Editor in 0.00 ms.
Unloading 2099 Unused Serialized files (Serialized files now loaded: 0)
System memory in use before: 96.7 MB.
System memory in use after: 96.8 MB.

Unloading 28 unused Assets to reduce memory usage. Loaded Objects now: 2543.
Total: 2.080600 ms (FindLiveObjects: 0.234100 ms CreateObjectMapping: 0.057100 ms MarkObjects: 1.727800 ms  DeleteObjects: 0.060600 ms)

========================================================================
Received Import Request.
  path: Assets/02.Scripts/Common/GameManager.cs
  artifactKey: Guid(c963434bf8bf7984dbd3aa8774499408) Importer(815301076,1909f56bfc062723c751e8b465ee728b)
Start importing Assets/02.Scripts/Common/GameManager.cs using Guid(c963434bf8bf7984dbd3aa8774499408) Importer(815301076,1909f56bfc062723c751e8b465ee728b)  -> (artifact id: '89b6ee88ba54a5671374ecfa2a92b326') in 0.031022 seconds
  Import took 0.034218 seconds .

========================================================================
Received Import Request.
  Time since last request: 19.994575 seconds.
  path: Assets/02.Scripts/Common/GameManager.cs
  artifactKey: Guid(c963434bf8bf7984dbd3aa8774499408) Importer(815301076,1909f56bfc062723c751e8b465ee728b)
Start importing Assets/02.Scripts/Common/GameManager.cs using Guid(c963434bf8bf7984dbd3aa8774499408) Importer(815301076,1909f56bfc062723c751e8b465ee728b)  -> (artifact id: 'f48ca2dfa6d40df66443b884b492e54d') in 0.001668 seconds
  Import took 0.004992 seconds .

========================================================================
Received Import Request.
  Time since last request: 8.111401 seconds.
  path: Assets/02.Scripts/Common/GameManager.cs
  artifactKey: Guid(c963434bf8bf7984dbd3aa8774499408) Importer(815301076,1909f56bfc062723c751e8b465ee728b)
Start importing Assets/02.Scripts/Common/GameManager.cs using Guid(c963434bf8bf7984dbd3aa8774499408) Importer(815301076,1909f56bfc062723c751e8b465ee728b)  -> (artifact id: '878ee99ea49c33a40f3f2caf7883d4a1') in 0.001595 seconds
  Import took 0.004797 seconds .

========================================================================
Received Import Request.
  Time since last request: 17.013992 seconds.
  path: Assets/02.Scripts/Common/GameManager.cs
  artifactKey: Guid(c963434bf8bf7984dbd3aa8774499408) Importer(815301076,1909f56bfc062723c751e8b465ee728b)
Start importing Assets/02.Scripts/Common/GameManager.cs using Guid(c963434bf8bf7984dbd3aa8774499408) Importer(815301076,1909f56bfc062723c751e8b465ee728b)  -> (artifact id: 'd2dd037a30ea33af5183e757bd2d29b6') in 0.001673 seconds
  Import took 0.004796 seconds .

========================================================================
Received Import Request.
  Time since last request: 11.932352 seconds.
  path: Assets/02.Scripts/Common/GameManager.cs
  artifactKey: Guid(c963434bf8bf7984dbd3aa8774499408) Importer(815301076,1909f56bfc062723c751e8b465ee728b)
Start importing Assets/02.Scripts/Common/GameManager.cs using Guid(c963434bf8bf7984dbd3aa8774499408) Importer(815301076,1909f56bfc062723c751e8b465ee728b)  -> (artifact id: 'd22fb08163a92878183c9cdd229c16da') in 0.001769 seconds
  Import took 0.005023 seconds .

========================================================================
Received Import Request.
  Time since last request: 34.517484 seconds.
  path: Assets/02.Scripts/Common/GameManager.cs
  artifactKey: Guid(c963434bf8bf7984dbd3aa8774499408) Importer(815301076,1909f56bfc062723c751e8b465ee728b)
Start importing Assets/02.Scripts/Common/GameManager.cs using Guid(c963434bf8bf7984dbd3aa8774499408) Importer(815301076,1909f56bfc062723c751e8b465ee728b)  -> (artifact id: '0687db23ab95da135c89d63dcbd6f371') in 0.001478 seconds
  Import took 0.004577 seconds .

========================================================================
Received Prepare
Registering precompiled user dll's ...
Registered in 0.002968 seconds.
Begin MonoManager ReloadAssembly
Native extension for WindowsStandalone target not found
Refreshing native plugins compatible for Editor in 0.63 ms, found 3 plugins.
Preloading 0 native plugins for Editor in 0.00 ms.
Mono: successfully reloaded assembly
- Completed reload, in  0.815 seconds
Platform modules already initialized, skipping
Refreshing native plugins compatible for Editor in 0.65 ms, found 3 plugins.
Preloading 0 native plugins for Editor in 0.00 ms.
Unloading 2089 Unused Serialized files (Serialized files now loaded: 0)
System memory in use before: 96.2 MB.
System memory in use after: 96.3 MB.

Unloading 16 unused Assets to reduce memory usage. Loaded Objects now: 2547.
Total: 2.000200 ms (FindLiveObjects: 0.223200 ms CreateObjectMapping: 0.047700 ms MarkObjects: 1.712200 ms  DeleteObjects: 0.015800 ms)

